TN:
SF:src\app.tsx
FN:12,(anonymous_0)
FNF:1
FNH:0
FNDA:0,(anonymous_0)
DA:10,0
DA:12,0
DA:13,0
LF:3
LH:0
BRF:0
BRH:0
end_of_record
TN:
SF:src\main.tsx
FNF:0
FNH:0
DA:5,0
LF:1
LH:0
BRF:0
BRH:0
end_of_record
TN:
SF:src\components\cadastro-item-novo\formularioElaboracaoComponent\formularioElaboracaoComponent.tsx
FN:29,(anonymous_0)
FN:78,(anonymous_1)
FN:81,(anonymous_2)
FN:84,(anonymous_3)
FN:87,(anonymous_4)
FN:90,(anonymous_5)
FN:93,(anonymous_6)
FN:96,(anonymous_7)
FN:99,(anonymous_8)
FN:103,(anonymous_9)
FN:104,(anonymous_10)
FN:112,(anonymous_11)
FN:118,(anonymous_12)
FN:119,(anonymous_13)
FN:127,(anonymous_14)
FN:132,(anonymous_15)
FN:145,(anonymous_16)
FN:146,(anonymous_17)
FN:155,(anonymous_18)
FN:168,(anonymous_19)
FN:169,(anonymous_20)
FN:178,(anonymous_21)
FN:191,(anonymous_22)
FN:209,(anonymous_23)
FN:213,(anonymous_24)
FN:219,(anonymous_25)
FN:227,(anonymous_26)
FN:243,(anonymous_27)
FN:269,(anonymous_28)
FN:288,(anonymous_29)
FN:307,(anonymous_30)
FN:316,(anonymous_31)
FN:324,(anonymous_32)
FN:332,(anonymous_33)
FN:340,(anonymous_34)
FN:419,(anonymous_35)
FN:447,(anonymous_36)
FN:473,(anonymous_37)
FN:499,(anonymous_38)
FN:526,(anonymous_39)
FN:527,(anonymous_40)
FN:572,(anonymous_41)
FN:573,(anonymous_42)
FN:618,(anonymous_43)
FN:619,(anonymous_44)
FN:664,(anonymous_45)
FN:665,(anonymous_46)
FN:728,(anonymous_47)
FN:779,(anonymous_48)
FNF:49
FNH:0
FNDA:0,(anonymous_0)
FNDA:0,(anonymous_1)
FNDA:0,(anonymous_2)
FNDA:0,(anonymous_3)
FNDA:0,(anonymous_4)
FNDA:0,(anonymous_5)
FNDA:0,(anonymous_6)
FNDA:0,(anonymous_7)
FNDA:0,(anonymous_8)
FNDA:0,(anonymous_9)
FNDA:0,(anonymous_10)
FNDA:0,(anonymous_11)
FNDA:0,(anonymous_12)
FNDA:0,(anonymous_13)
FNDA:0,(anonymous_14)
FNDA:0,(anonymous_15)
FNDA:0,(anonymous_16)
FNDA:0,(anonymous_17)
FNDA:0,(anonymous_18)
FNDA:0,(anonymous_19)
FNDA:0,(anonymous_20)
FNDA:0,(anonymous_21)
FNDA:0,(anonymous_22)
FNDA:0,(anonymous_23)
FNDA:0,(anonymous_24)
FNDA:0,(anonymous_25)
FNDA:0,(anonymous_26)
FNDA:0,(anonymous_27)
FNDA:0,(anonymous_28)
FNDA:0,(anonymous_29)
FNDA:0,(anonymous_30)
FNDA:0,(anonymous_31)
FNDA:0,(anonymous_32)
FNDA:0,(anonymous_33)
FNDA:0,(anonymous_34)
FNDA:0,(anonymous_35)
FNDA:0,(anonymous_36)
FNDA:0,(anonymous_37)
FNDA:0,(anonymous_38)
FNDA:0,(anonymous_39)
FNDA:0,(anonymous_40)
FNDA:0,(anonymous_41)
FNDA:0,(anonymous_42)
FNDA:0,(anonymous_43)
FNDA:0,(anonymous_44)
FNDA:0,(anonymous_45)
FNDA:0,(anonymous_46)
FNDA:0,(anonymous_47)
FNDA:0,(anonymous_48)
DA:29,0
DA:38,0
DA:39,0
DA:42,0
DA:43,0
DA:44,0
DA:45,0
DA:46,0
DA:47,0
DA:48,0
DA:49,0
DA:50,0
DA:51,0
DA:52,0
DA:53,0
DA:54,0
DA:55,0
DA:56,0
DA:58,0
DA:59,0
DA:60,0
DA:61,0
DA:63,0
DA:64,0
DA:65,0
DA:66,0
DA:68,0
DA:69,0
DA:70,0
DA:71,0
DA:73,0
DA:74,0
DA:75,0
DA:76,0
DA:78,0
DA:79,0
DA:81,0
DA:82,0
DA:84,0
DA:85,0
DA:87,0
DA:88,0
DA:90,0
DA:91,0
DA:93,0
DA:94,0
DA:96,0
DA:97,0
DA:99,0
DA:100,0
DA:103,0
DA:104,0
DA:112,0
DA:118,0
DA:119,0
DA:127,0
DA:132,0
DA:133,0
DA:134,0
DA:142,0
DA:145,0
DA:146,0
DA:154,0
DA:155,0
DA:160,0
DA:161,0
DA:165,0
DA:168,0
DA:169,0
DA:177,0
DA:178,0
DA:183,0
DA:184,0
DA:188,0
DA:191,0
DA:192,0
DA:193,0
DA:194,0
DA:197,0
DA:198,0
DA:200,0
DA:201,0
DA:204,0
DA:205,0
DA:209,0
DA:210,0
DA:213,0
DA:214,0
DA:215,0
DA:218,0
DA:225,0
DA:227,0
DA:228,0
DA:234,0
DA:243,0
DA:244,0
DA:245,0
DA:246,0
DA:247,0
DA:249,0
DA:250,0
DA:251,0
DA:252,0
DA:253,0
DA:254,0
DA:255,0
DA:256,0
DA:258,0
DA:259,0
DA:260,0
DA:261,0
DA:262,0
DA:263,0
DA:264,0
DA:265,0
DA:269,0
DA:270,0
DA:272,0
DA:273,0
DA:275,0
DA:276,0
DA:278,0
DA:279,0
DA:281,0
DA:282,0
DA:284,0
DA:288,0
DA:289,0
DA:291,0
DA:292,0
DA:294,0
DA:295,0
DA:297,0
DA:298,0
DA:300,0
DA:301,0
DA:303,0
DA:307,0
DA:308,0
DA:311,0
DA:312,0
DA:313,0
DA:314,0
DA:315,0
DA:316,0
DA:317,0
DA:319,0
DA:320,0
DA:321,0
DA:322,0
DA:323,0
DA:324,0
DA:325,0
DA:327,0
DA:328,0
DA:329,0
DA:330,0
DA:331,0
DA:332,0
DA:333,0
DA:335,0
DA:336,0
DA:337,0
DA:338,0
DA:339,0
DA:340,0
DA:341,0
DA:343,0
DA:348,0
DA:419,0
DA:447,0
DA:473,0
DA:499,0
DA:526,0
DA:527,0
DA:572,0
DA:573,0
DA:618,0
DA:619,0
DA:664,0
DA:665,0
DA:729,0
DA:730,0
DA:731,0
DA:732,0
DA:733,0
DA:741,0
DA:780,0
DA:781,0
DA:782,0
DA:784,0
DA:785,0
DA:793,0
LF:193
LH:0
BRDA:38,0,0,0
BRDA:38,0,1,0
BRDA:79,1,0,0
BRDA:79,1,1,0
BRDA:82,2,0,0
BRDA:82,2,1,0
BRDA:85,3,0,0
BRDA:85,3,1,0
BRDA:88,4,0,0
BRDA:88,4,1,0
BRDA:91,5,0,0
BRDA:91,5,1,0
BRDA:94,6,0,0
BRDA:94,6,1,0
BRDA:97,7,0,0
BRDA:97,7,1,0
BRDA:100,8,0,0
BRDA:100,8,1,0
BRDA:133,9,0,0
BRDA:133,9,1,0
BRDA:136,10,0,0
BRDA:136,10,1,0
BRDA:149,11,0,0
BRDA:149,11,1,0
BRDA:154,12,0,0
BRDA:154,12,1,0
BRDA:154,13,0,0
BRDA:154,13,1,0
BRDA:160,14,0,0
BRDA:160,14,1,0
BRDA:172,15,0,0
BRDA:172,15,1,0
BRDA:177,16,0,0
BRDA:177,16,1,0
BRDA:177,17,0,0
BRDA:177,17,1,0
BRDA:183,18,0,0
BRDA:183,18,1,0
BRDA:193,19,0,0
BRDA:193,19,1,0
BRDA:193,20,0,0
BRDA:193,20,1,0
BRDA:193,20,2,0
BRDA:197,21,0,0
BRDA:197,21,1,0
BRDA:198,22,0,0
BRDA:198,22,1,0
BRDA:200,23,0,0
BRDA:200,23,1,0
BRDA:204,24,0,0
BRDA:204,24,1,0
BRDA:214,25,0,0
BRDA:214,25,1,0
BRDA:214,26,0,0
BRDA:214,26,1,0
BRDA:229,27,0,0
BRDA:229,27,1,0
BRDA:246,28,0,0
BRDA:246,28,1,0
BRDA:270,29,0,0
BRDA:270,29,1,0
BRDA:270,29,2,0
BRDA:270,29,3,0
BRDA:270,29,4,0
BRDA:289,30,0,0
BRDA:289,30,1,0
BRDA:289,30,2,0
BRDA:289,30,3,0
BRDA:289,30,4,0
BRDA:308,31,0,0
BRDA:308,31,1,0
BRDA:308,31,2,0
BRDA:308,31,3,0
BRDA:308,31,4,0
BRDA:425,32,0,0
BRDA:425,32,1,0
BRDA:425,33,0,0
BRDA:425,33,1,0
BRDA:453,34,0,0
BRDA:453,34,1,0
BRDA:453,35,0,0
BRDA:453,35,1,0
BRDA:479,36,0,0
BRDA:479,36,1,0
BRDA:479,37,0,0
BRDA:479,37,1,0
BRDA:505,38,0,0
BRDA:505,38,1,0
BRDA:505,39,0,0
BRDA:505,39,1,0
BRDA:730,40,0,0
BRDA:730,40,1,0
BRDA:732,41,0,0
BRDA:732,41,1,0
BRDA:732,42,0,0
BRDA:732,42,1,0
BRDA:732,42,2,0
BRDA:749,43,0,0
BRDA:749,43,1,0
BRDA:749,44,0,0
BRDA:749,44,1,0
BRDA:763,45,0,0
BRDA:763,45,1,0
BRDA:781,46,0,0
BRDA:781,46,1,0
BRDA:784,47,0,0
BRDA:784,47,1,0
BRDA:784,48,0,0
BRDA:784,48,1,0
BRDA:784,48,2,0
BRDA:801,49,0,0
BRDA:801,49,1,0
BRDA:801,50,0,0
BRDA:801,50,1,0
BRDA:815,51,0,0
BRDA:815,51,1,0
BRF:116
BRH:0
end_of_record
TN:
SF:src\components\cadastro-item-novo\formularioUnicoComponent\formularioUnicoComponent.tsx
FN:24,(anonymous_0)
FN:40,(anonymous_1)
FN:44,(anonymous_2)
FN:71,(anonymous_3)
FN:108,(anonymous_4)
FN:137,(anonymous_5)
FN:153,(anonymous_6)
FN:169,(anonymous_7)
FN:182,(anonymous_8)
FN:302,(anonymous_9)
FN:323,(anonymous_10)
FN:324,(anonymous_11)
FN:340,(anonymous_12)
FN:344,(anonymous_13)
FN:456,(anonymous_14)
FN:560,(anonymous_15)
FN:625,(anonymous_16)
FN:636,(anonymous_17)
FN:647,(anonymous_18)
FN:661,(anonymous_19)
FN:678,(anonymous_20)
FNF:21
FNH:0
FNDA:0,(anonymous_0)
FNDA:0,(anonymous_1)
FNDA:0,(anonymous_2)
FNDA:0,(anonymous_3)
FNDA:0,(anonymous_4)
FNDA:0,(anonymous_5)
FNDA:0,(anonymous_6)
FNDA:0,(anonymous_7)
FNDA:0,(anonymous_8)
FNDA:0,(anonymous_9)
FNDA:0,(anonymous_10)
FNDA:0,(anonymous_11)
FNDA:0,(anonymous_12)
FNDA:0,(anonymous_13)
FNDA:0,(anonymous_14)
FNDA:0,(anonymous_15)
FNDA:0,(anonymous_16)
FNDA:0,(anonymous_17)
FNDA:0,(anonymous_18)
FNDA:0,(anonymous_19)
FNDA:0,(anonymous_20)
DA:24,0
DA:25,0
DA:26,0
DA:27,0
DA:28,0
DA:30,0
DA:31,0
DA:32,0
DA:33,0
DA:34,0
DA:35,0
DA:37,0
DA:38,0
DA:39,0
DA:40,0
DA:41,0
DA:42,0
DA:44,0
DA:45,0
DA:46,0
DA:47,0
DA:48,0
DA:49,0
DA:50,0
DA:51,0
DA:52,0
DA:53,0
DA:54,0
DA:55,0
DA:56,0
DA:57,0
DA:58,0
DA:59,0
DA:60,0
DA:61,0
DA:62,0
DA:63,0
DA:64,0
DA:67,0
DA:71,0
DA:72,0
DA:73,0
DA:74,0
DA:75,0
DA:76,0
DA:77,0
DA:78,0
DA:79,0
DA:80,0
DA:81,0
DA:82,0
DA:83,0
DA:85,0
DA:86,0
DA:90,0
DA:91,0
DA:92,0
DA:93,0
DA:96,0
DA:98,0
DA:99,0
DA:100,0
DA:101,0
DA:104,0
DA:108,0
DA:109,0
DA:110,0
DA:111,0
DA:112,0
DA:113,0
DA:114,0
DA:116,0
DA:117,0
DA:121,0
DA:122,0
DA:123,0
DA:124,0
DA:127,0
DA:128,0
DA:129,0
DA:130,0
DA:133,0
DA:137,0
DA:138,0
DA:139,0
DA:141,0
DA:142,0
DA:143,0
DA:144,0
DA:145,0
DA:146,0
DA:149,0
DA:153,0
DA:154,0
DA:155,0
DA:157,0
DA:158,0
DA:159,0
DA:160,0
DA:161,0
DA:162,0
DA:165,0
DA:169,0
DA:170,0
DA:177,0
DA:178,0
DA:179,0
DA:180,0
DA:182,0
DA:183,0
DA:185,0
DA:186,0
DA:187,0
DA:188,0
DA:191,0
DA:192,0
DA:194,0
DA:195,0
DA:197,0
DA:198,0
DA:200,0
DA:201,0
DA:202,0
DA:203,0
DA:204,0
DA:209,0
DA:210,0
DA:212,0
DA:216,0
DA:217,0
DA:218,0
DA:219,0
DA:222,0
DA:223,0
DA:224,0
DA:225,0
DA:230,0
DA:231,0
DA:233,0
DA:237,0
DA:238,0
DA:239,0
DA:240,0
DA:243,0
DA:244,0
DA:245,0
DA:246,0
DA:251,0
DA:252,0
DA:254,0
DA:255,0
DA:257,0
DA:258,0
DA:259,0
DA:260,0
DA:261,0
DA:266,0
DA:267,0
DA:269,0
DA:270,0
DA:271,0
DA:272,0
DA:273,0
DA:279,0
DA:280,0
DA:283,0
DA:284,0
DA:286,0
DA:302,0
DA:303,0
DA:304,0
DA:305,0
DA:306,0
DA:309,0
DA:310,0
DA:311,0
DA:315,0
DA:317,0
DA:321,0
DA:322,0
DA:323,0
DA:324,0
DA:325,0
DA:329,0
DA:330,0
DA:332,0
DA:333,0
DA:334,0
DA:336,0
DA:338,0
DA:339,0
DA:340,0
DA:342,0
DA:343,0
DA:344,0
DA:351,0
DA:354,0
DA:456,0
DA:561,0
DA:562,0
DA:563,0
DA:625,0
DA:636,0
DA:647,0
DA:661,0
DA:678,0
LF:206
LH:0
BRDA:42,0,0,0
BRDA:42,0,1,0
BRDA:59,1,0,0
BRDA:59,1,1,0
BRDA:59,2,0,0
BRDA:59,2,1,0
BRDA:61,3,0,0
BRDA:61,3,1,0
BRDA:63,4,0,0
BRDA:63,4,1,0
BRDA:85,5,0,0
BRDA:85,5,1,0
BRDA:85,6,0,0
BRDA:85,6,1,0
BRDA:90,7,0,0
BRDA:90,7,1,0
BRDA:92,8,0,0
BRDA:92,8,1,0
BRDA:98,9,0,0
BRDA:98,9,1,0
BRDA:100,10,0,0
BRDA:100,10,1,0
BRDA:116,11,0,0
BRDA:116,11,1,0
BRDA:116,12,0,0
BRDA:116,12,1,0
BRDA:121,13,0,0
BRDA:121,13,1,0
BRDA:123,14,0,0
BRDA:123,14,1,0
BRDA:127,15,0,0
BRDA:127,15,1,0
BRDA:129,16,0,0
BRDA:129,16,1,0
BRDA:141,17,0,0
BRDA:141,17,1,0
BRDA:141,18,0,0
BRDA:141,18,1,0
BRDA:143,19,0,0
BRDA:143,19,1,0
BRDA:145,20,0,0
BRDA:145,20,1,0
BRDA:157,21,0,0
BRDA:157,21,1,0
BRDA:157,22,0,0
BRDA:157,22,1,0
BRDA:159,23,0,0
BRDA:159,23,1,0
BRDA:161,24,0,0
BRDA:161,24,1,0
BRDA:177,25,0,0
BRDA:177,25,1,0
BRDA:178,26,0,0
BRDA:178,26,1,0
BRDA:179,27,0,0
BRDA:179,27,1,0
BRDA:180,28,0,0
BRDA:180,28,1,0
BRDA:187,29,0,0
BRDA:187,29,1,0
BRDA:194,30,0,0
BRDA:194,30,1,0
BRDA:197,31,0,0
BRDA:197,31,1,0
BRDA:201,32,0,0
BRDA:201,32,1,0
BRDA:203,33,0,0
BRDA:203,33,1,0
BRDA:209,34,0,0
BRDA:209,34,1,0
BRDA:216,35,0,0
BRDA:216,35,1,0
BRDA:218,36,0,0
BRDA:218,36,1,0
BRDA:222,37,0,0
BRDA:222,37,1,0
BRDA:224,38,0,0
BRDA:224,38,1,0
BRDA:230,39,0,0
BRDA:230,39,1,0
BRDA:237,40,0,0
BRDA:237,40,1,0
BRDA:239,41,0,0
BRDA:239,41,1,0
BRDA:243,42,0,0
BRDA:243,42,1,0
BRDA:245,43,0,0
BRDA:245,43,1,0
BRDA:251,44,0,0
BRDA:251,44,1,0
BRDA:251,45,0,0
BRDA:251,45,1,0
BRDA:254,46,0,0
BRDA:254,46,1,0
BRDA:258,47,0,0
BRDA:258,47,1,0
BRDA:260,48,0,0
BRDA:260,48,1,0
BRDA:266,49,0,0
BRDA:266,49,1,0
BRDA:270,50,0,0
BRDA:270,50,1,0
BRDA:272,51,0,0
BRDA:272,51,1,0
BRDA:279,52,0,0
BRDA:279,52,1,0
BRDA:283,53,0,0
BRDA:283,53,1,0
BRDA:305,54,0,0
BRDA:305,54,1,0
BRDA:305,55,0,0
BRDA:305,55,1,0
BRDA:305,55,2,0
BRDA:309,56,0,0
BRDA:309,56,1,0
BRDA:309,57,0,0
BRDA:309,57,1,0
BRDA:332,58,0,0
BRDA:332,58,1,0
BRDA:332,59,0,0
BRDA:332,59,1,0
BRDA:339,60,0,0
BRDA:339,60,1,0
BRDA:339,60,2,0
BRDA:340,61,0,0
BRDA:340,61,1,0
BRDA:340,61,2,0
BRDA:342,62,0,0
BRDA:342,62,1,0
BRDA:344,63,0,0
BRDA:344,63,1,0
BRDA:561,64,0,0
BRDA:561,64,1,0
BRF:133
BRH:0
end_of_record
TN:
SF:src\components\filtro-principal\styles.ts
FNF:0
FNH:0
DA:4,0
LF:1
LH:0
BRF:0
BRH:0
end_of_record
TN:
SF:src\components\filtro-principal-novo\filtroPrincipalNovoComponent.tsx
FN:23,(anonymous_0)
FN:43,(anonymous_1)
FN:61,(anonymous_2)
FN:66,(anonymous_3)
FN:90,(anonymous_4)
FN:112,(anonymous_5)
FN:142,(anonymous_6)
FN:154,(anonymous_7)
FN:172,(anonymous_8)
FN:190,(anonymous_9)
FN:212,(anonymous_10)
FN:219,(anonymous_11)
FN:225,(anonymous_12)
FN:233,(anonymous_13)
FN:240,(anonymous_14)
FN:250,(anonymous_15)
FN:280,(anonymous_16)
FN:309,(anonymous_17)
FN:352,(anonymous_18)
FN:373,(anonymous_19)
FN:390,(anonymous_20)
FN:396,(anonymous_21)
FN:405,(anonymous_22)
FN:406,(anonymous_23)
FN:433,(anonymous_24)
FN:439,(anonymous_25)
FN:443,(anonymous_26)
FN:444,(anonymous_27)
FN:457,(anonymous_28)
FN:462,(anonymous_29)
FN:464,(anonymous_30)
FN:474,(anonymous_31)
FN:478,(anonymous_32)
FN:482,(anonymous_33)
FN:492,(anonymous_34)
FN:498,(anonymous_35)
FN:503,(anonymous_36)
FN:669,(anonymous_37)
FNF:38
FNH:0
FNDA:0,(anonymous_0)
FNDA:0,(anonymous_1)
FNDA:0,(anonymous_2)
FNDA:0,(anonymous_3)
FNDA:0,(anonymous_4)
FNDA:0,(anonymous_5)
FNDA:0,(anonymous_6)
FNDA:0,(anonymous_7)
FNDA:0,(anonymous_8)
FNDA:0,(anonymous_9)
FNDA:0,(anonymous_10)
FNDA:0,(anonymous_11)
FNDA:0,(anonymous_12)
FNDA:0,(anonymous_13)
FNDA:0,(anonymous_14)
FNDA:0,(anonymous_15)
FNDA:0,(anonymous_16)
FNDA:0,(anonymous_17)
FNDA:0,(anonymous_18)
FNDA:0,(anonymous_19)
FNDA:0,(anonymous_20)
FNDA:0,(anonymous_21)
FNDA:0,(anonymous_22)
FNDA:0,(anonymous_23)
FNDA:0,(anonymous_24)
FNDA:0,(anonymous_25)
FNDA:0,(anonymous_26)
FNDA:0,(anonymous_27)
FNDA:0,(anonymous_28)
FNDA:0,(anonymous_29)
FNDA:0,(anonymous_30)
FNDA:0,(anonymous_31)
FNDA:0,(anonymous_32)
FNDA:0,(anonymous_33)
FNDA:0,(anonymous_34)
FNDA:0,(anonymous_35)
FNDA:0,(anonymous_36)
FNDA:0,(anonymous_37)
DA:23,0
DA:24,0
DA:25,0
DA:26,0
DA:27,0
DA:28,0
DA:29,0
DA:30,0
DA:33,0
DA:34,0
DA:35,0
DA:36,0
DA:40,0
DA:41,0
DA:43,0
DA:44,0
DA:46,0
DA:61,0
DA:62,0
DA:63,0
DA:66,0
DA:68,0
DA:69,0
DA:70,0
DA:71,0
DA:72,0
DA:75,0
DA:76,0
DA:81,0
DA:84,0
DA:85,0
DA:86,0
DA:87,0
DA:90,0
DA:93,0
DA:94,0
DA:99,0
DA:103,0
DA:104,0
DA:105,0
DA:106,0
DA:112,0
DA:115,0
DA:116,0
DA:118,0
DA:123,0
DA:124,0
DA:125,0
DA:126,0
DA:133,0
DA:134,0
DA:135,0
DA:136,0
DA:142,0
DA:145,0
DA:150,0
DA:154,0
DA:157,0
DA:158,0
DA:163,0
DA:166,0
DA:167,0
DA:168,0
DA:169,0
DA:172,0
DA:175,0
DA:176,0
DA:182,0
DA:190,0
DA:191,0
DA:192,0
DA:193,0
DA:194,0
DA:198,0
DA:199,0
DA:200,0
DA:206,0
DA:212,0
DA:213,0
DA:215,0
DA:217,0
DA:218,0
DA:219,0
DA:220,0
DA:222,0
DA:225,0
DA:226,0
DA:227,0
DA:229,0
DA:231,0
DA:233,0
DA:235,0
DA:236,0
DA:237,0
DA:238,0
DA:239,0
DA:240,0
DA:250,0
DA:251,0
DA:252,0
DA:255,0
DA:256,0
DA:257,0
DA:258,0
DA:259,0
DA:261,0
DA:262,0
DA:263,0
DA:264,0
DA:265,0
DA:267,0
DA:268,0
DA:269,0
DA:270,0
DA:271,0
DA:272,0
DA:275,0
DA:280,0
DA:281,0
DA:282,0
DA:285,0
DA:286,0
DA:287,0
DA:288,0
DA:290,0
DA:291,0
DA:292,0
DA:293,0
DA:295,0
DA:296,0
DA:298,0
DA:299,0
DA:300,0
DA:301,0
DA:304,0
DA:309,0
DA:310,0
DA:311,0
DA:314,0
DA:315,0
DA:316,0
DA:318,0
DA:319,0
DA:320,0
DA:322,0
DA:323,0
DA:328,0
DA:329,0
DA:330,0
DA:331,0
DA:338,0
DA:339,0
DA:340,0
DA:341,0
DA:347,0
DA:352,0
DA:353,0
DA:354,0
DA:357,0
DA:358,0
DA:360,0
DA:361,0
DA:362,0
DA:363,0
DA:364,0
DA:365,0
DA:368,0
DA:373,0
DA:377,0
DA:383,0
DA:384,0
DA:385,0
DA:387,0
DA:390,0
DA:391,0
DA:393,0
DA:394,0
DA:395,0
DA:396,0
DA:397,0
DA:398,0
DA:402,0
DA:405,0
DA:406,0
DA:411,0
DA:425,0
DA:426,0
DA:427,0
DA:428,0
DA:430,0
DA:433,0
DA:434,0
DA:435,0
DA:436,0
DA:439,0
DA:440,0
DA:441,0
DA:443,0
DA:445,0
DA:446,0
DA:447,0
DA:448,0
DA:449,0
DA:453,0
DA:454,0
DA:457,0
DA:458,0
DA:459,0
DA:462,0
DA:463,0
DA:464,0
DA:465,0
DA:466,0
DA:467,0
DA:468,0
DA:469,0
DA:471,0
DA:474,0
DA:475,0
DA:478,0
DA:479,0
DA:482,0
DA:483,0
DA:484,0
DA:485,0
DA:486,0
DA:487,0
DA:492,0
DA:493,0
DA:494,0
DA:498,0
DA:499,0
DA:500,0
DA:503,0
DA:504,0
DA:507,0
DA:670,0
DA:671,0
DA:672,0
LF:239
LH:0
BRDA:63,0,0,0
BRDA:63,0,1,0
BRDA:71,1,0,0
BRDA:71,1,1,0
BRDA:75,2,0,0
BRDA:75,2,1,0
BRDA:84,3,0,0
BRDA:84,3,1,0
BRDA:86,4,0,0
BRDA:86,4,1,0
BRDA:93,5,0,0
BRDA:93,5,1,0
BRDA:103,6,0,0
BRDA:103,6,1,0
BRDA:105,7,0,0
BRDA:105,7,1,0
BRDA:115,8,0,0
BRDA:115,8,1,0
BRDA:123,9,0,0
BRDA:123,9,1,0
BRDA:125,10,0,0
BRDA:125,10,1,0
BRDA:133,11,0,0
BRDA:133,11,1,0
BRDA:135,12,0,0
BRDA:135,12,1,0
BRDA:145,13,0,0
BRDA:145,13,1,0
BRDA:146,14,0,0
BRDA:146,14,1,0
BRDA:157,15,0,0
BRDA:157,15,1,0
BRDA:166,16,0,0
BRDA:166,16,1,0
BRDA:168,17,0,0
BRDA:168,17,1,0
BRDA:175,18,0,0
BRDA:175,18,1,0
BRDA:193,19,0,0
BRDA:193,19,1,0
BRDA:193,20,0,0
BRDA:193,20,1,0
BRDA:193,20,2,0
BRDA:198,21,0,0
BRDA:198,21,1,0
BRDA:198,22,0,0
BRDA:198,22,1,0
BRDA:218,23,0,0
BRDA:218,23,1,0
BRDA:226,24,0,0
BRDA:226,24,1,0
BRDA:231,25,0,0
BRDA:231,25,1,0
BRDA:231,25,2,0
BRDA:232,26,0,0
BRDA:232,26,1,0
BRDA:233,27,0,0
BRDA:233,27,1,0
BRDA:233,28,0,0
BRDA:233,28,1,0
BRDA:233,28,2,0
BRDA:235,29,0,0
BRDA:235,29,1,0
BRDA:237,30,0,0
BRDA:237,30,1,0
BRDA:238,31,0,0
BRDA:238,31,1,0
BRDA:251,32,0,0
BRDA:251,32,1,0
BRDA:267,33,0,0
BRDA:267,33,1,0
BRDA:267,34,0,0
BRDA:267,34,1,0
BRDA:269,35,0,0
BRDA:269,35,1,0
BRDA:271,36,0,0
BRDA:271,36,1,0
BRDA:271,37,0,0
BRDA:271,37,1,0
BRDA:281,38,0,0
BRDA:281,38,1,0
BRDA:295,39,0,0
BRDA:295,39,1,0
BRDA:295,40,0,0
BRDA:295,40,1,0
BRDA:298,41,0,0
BRDA:298,41,1,0
BRDA:300,42,0,0
BRDA:300,42,1,0
BRDA:310,43,0,0
BRDA:310,43,1,0
BRDA:322,44,0,0
BRDA:322,44,1,0
BRDA:322,45,0,0
BRDA:322,45,1,0
BRDA:328,46,0,0
BRDA:328,46,1,0
BRDA:330,47,0,0
BRDA:330,47,1,0
BRDA:338,48,0,0
BRDA:338,48,1,0
BRDA:340,49,0,0
BRDA:340,49,1,0
BRDA:353,50,0,0
BRDA:353,50,1,0
BRDA:360,51,0,0
BRDA:360,51,1,0
BRDA:360,52,0,0
BRDA:360,52,1,0
BRDA:362,53,0,0
BRDA:362,53,1,0
BRDA:364,54,0,0
BRDA:364,54,1,0
BRDA:383,55,0,0
BRDA:383,55,1,0
BRDA:384,56,0,0
BRDA:384,56,1,0
BRDA:385,57,0,0
BRDA:385,57,1,0
BRDA:394,58,0,0
BRDA:394,58,1,0
BRDA:395,59,0,0
BRDA:395,59,1,0
BRDA:396,60,0,0
BRDA:396,60,1,0
BRDA:397,61,0,0
BRDA:397,61,1,0
BRDA:398,62,0,0
BRDA:398,62,1,0
BRDA:399,63,0,0
BRDA:399,63,1,0
BRDA:402,64,0,0
BRDA:402,64,1,0
BRDA:405,65,0,0
BRDA:405,65,1,0
BRDA:412,66,0,0
BRDA:412,66,1,0
BRDA:413,67,0,0
BRDA:413,67,1,0
BRDA:414,68,0,0
BRDA:414,68,1,0
BRDA:415,69,0,0
BRDA:415,69,1,0
BRDA:416,70,0,0
BRDA:416,70,1,0
BRDA:417,71,0,0
BRDA:417,71,1,0
BRDA:418,72,0,0
BRDA:418,72,1,0
BRDA:419,73,0,0
BRDA:419,73,1,0
BRDA:420,74,0,0
BRDA:420,74,1,0
BRDA:421,75,0,0
BRDA:421,75,1,0
BRDA:426,76,0,0
BRDA:426,76,1,0
BRDA:441,77,0,0
BRDA:441,77,1,0
BRDA:445,78,0,0
BRDA:445,78,1,0
BRDA:445,79,0,0
BRDA:445,79,1,0
BRDA:446,80,0,0
BRDA:446,80,1,0
BRDA:446,81,0,0
BRDA:446,81,1,0
BRDA:447,82,0,0
BRDA:447,82,1,0
BRDA:447,83,0,0
BRDA:447,83,1,0
BRDA:448,84,0,0
BRDA:448,84,1,0
BRDA:448,85,0,0
BRDA:448,85,1,0
BRDA:453,86,0,0
BRDA:453,86,1,0
BRDA:464,87,0,0
BRDA:464,87,1,0
BRDA:465,88,0,0
BRDA:465,88,1,0
BRDA:465,89,0,0
BRDA:465,89,1,0
BRDA:466,90,0,0
BRDA:466,90,1,0
BRDA:467,91,0,0
BRDA:467,91,1,0
BRDA:468,92,0,0
BRDA:468,92,1,0
BRDA:471,93,0,0
BRDA:471,93,1,0
BRDA:483,94,0,0
BRDA:483,94,1,0
BRDA:485,95,0,0
BRDA:485,95,1,0
BRDA:493,96,0,0
BRDA:493,96,1,0
BRDA:499,97,0,0
BRDA:499,97,1,0
BRDA:499,98,0,0
BRDA:499,98,1,0
BRDA:670,99,0,0
BRDA:670,99,1,0
BRF:203
BRH:0
end_of_record
TN:
SF:src\components\filtro-principal\popover\campos\styles.ts
FNF:0
FNH:0
DA:4,0
LF:1
LH:0
BRF:0
BRH:0
end_of_record
TN:
SF:src\components\lib\preViewVideoAudio\preViewVideoAudio.tsx
FN:12,(anonymous_0)
FN:68,(anonymous_1)
FN:115,(anonymous_2)
FNF:3
FNH:0
FNDA:0,(anonymous_0)
FNDA:0,(anonymous_1)
FNDA:0,(anonymous_2)
DA:3,0
DA:12,0
DA:15,0
DA:16,0
DA:19,0
DA:20,0
DA:58,0
DA:59,0
DA:69,0
DA:70,0
DA:96,0
DA:97,0
DA:116,0
DA:131,0
LF:14
LH:0
BRDA:15,0,0,0
BRDA:15,0,1,0
BRDA:15,1,0,0
BRDA:15,1,1,0
BRDA:16,2,0,0
BRDA:16,2,1,0
BRDA:16,2,2,0
BRDA:19,3,0,0
BRDA:19,3,1,0
BRDA:24,4,0,0
BRDA:24,4,1,0
BRDA:40,5,0,0
BRDA:40,5,1,0
BRDA:58,6,0,0
BRDA:58,6,1,0
BRDA:96,7,0,0
BRDA:96,7,1,0
BRF:17
BRH:0
end_of_record
TN:
SF:src\components\listagem-itens\resumoItem\listagemResumoItemComponent.tsx
FN:25,(anonymous_0)
FN:84,(anonymous_1)
FNF:2
FNH:0
FNDA:0,(anonymous_0)
FNDA:0,(anonymous_1)
DA:25,0
DA:26,0
DA:28,0
DA:30,0
DA:85,0
LF:5
LH:0
BRDA:28,0,0,0
BRDA:28,0,1,0
BRDA:62,1,0,0
BRDA:62,1,1,0
BRDA:62,2,0,0
BRDA:62,2,1,0
BRDA:69,3,0,0
BRDA:69,3,1,0
BRDA:69,4,0,0
BRDA:69,4,1,0
BRDA:76,5,0,0
BRDA:76,5,1,0
BRDA:76,6,0,0
BRDA:76,6,1,0
BRDA:84,7,0,0
BRDA:84,7,1,0
BRF:16
BRH:0
end_of_record
TN:
SF:src\components\listagem-itens\select\listagemSelectComponent.tsx
FN:14,(anonymous_0)
FN:23,(anonymous_1)
FN:29,(anonymous_2)
FN:34,(anonymous_3)
FN:41,(anonymous_4)
FNF:5
FNH:0
FNDA:0,(anonymous_0)
FNDA:0,(anonymous_1)
FNDA:0,(anonymous_2)
FNDA:0,(anonymous_3)
FNDA:0,(anonymous_4)
DA:14,0
DA:21,0
DA:23,0
DA:24,0
DA:25,0
DA:29,0
DA:30,0
DA:31,0
DA:34,0
DA:35,0
DA:36,0
DA:37,0
DA:41,0
DA:42,0
DA:43,0
DA:46,0
LF:16
LH:0
BRDA:24,0,0,0
BRDA:24,0,1,0
BRDA:24,1,0,0
BRDA:24,1,1,0
BRDA:36,2,0,0
BRDA:36,2,1,0
BRDA:36,3,0,0
BRDA:36,3,1,0
BRDA:64,4,0,0
BRDA:64,4,1,0
BRDA:66,5,0,0
BRDA:66,5,1,0
BRF:12
BRH:0
end_of_record
TN:
SF:src\components\listagem-itens\tabela\listagemTabelaComponent.tsx
FN:23,(anonymous_0)
FN:33,(anonymous_1)
FN:50,(anonymous_2)
FN:71,(anonymous_3)
FN:75,(anonymous_4)
FN:84,(anonymous_5)
FN:93,(anonymous_6)
FN:96,(anonymous_7)
FN:97,(anonymous_8)
FN:109,(anonymous_9)
FN:136,(anonymous_10)
FN:140,(anonymous_11)
FN:141,(anonymous_12)
FNF:13
FNH:0
FNDA:0,(anonymous_0)
FNDA:0,(anonymous_1)
FNDA:0,(anonymous_2)
FNDA:0,(anonymous_3)
FNDA:0,(anonymous_4)
FNDA:0,(anonymous_5)
FNDA:0,(anonymous_6)
FNDA:0,(anonymous_7)
FNDA:0,(anonymous_8)
FNDA:0,(anonymous_9)
FNDA:0,(anonymous_10)
FNDA:0,(anonymous_11)
FNDA:0,(anonymous_12)
DA:23,0
DA:33,0
DA:34,0
DA:36,0
DA:38,0
DA:40,0
DA:42,0
DA:44,0
DA:46,0
DA:50,0
DA:51,0
DA:53,0
DA:55,0
DA:57,0
DA:59,0
DA:61,0
DA:64,0
DA:65,0
DA:67,0
DA:68,0
DA:69,0
DA:71,0
DA:72,0
DA:75,0
DA:76,0
DA:77,0
DA:78,0
DA:80,0
DA:84,0
DA:85,0
DA:87,0
DA:88,0
DA:89,0
DA:93,0
DA:94,0
DA:96,0
DA:98,0
DA:99,0
DA:100,0
DA:101,0
DA:102,0
DA:106,0
DA:109,0
DA:110,0
DA:113,0
DA:137,0
DA:140,0
DA:142,0
LF:48
LH:0
BRDA:34,0,0,0
BRDA:34,0,1,0
BRDA:34,0,2,0
BRDA:34,0,3,0
BRDA:34,0,4,0
BRDA:34,0,5,0
BRDA:51,1,0,0
BRDA:51,1,1,0
BRDA:51,1,2,0
BRDA:51,1,3,0
BRDA:51,1,4,0
BRDA:77,2,0,0
BRDA:77,2,1,0
BRDA:87,3,0,0
BRDA:87,3,1,0
BRDA:94,4,0,0
BRDA:94,4,1,0
BRDA:98,5,0,0
BRDA:98,5,1,0
BRDA:98,6,0,0
BRDA:98,6,1,0
BRDA:99,7,0,0
BRDA:99,7,1,0
BRDA:99,8,0,0
BRDA:99,8,1,0
BRDA:100,9,0,0
BRDA:100,9,1,0
BRDA:100,10,0,0
BRDA:100,10,1,0
BRDA:101,11,0,0
BRDA:101,11,1,0
BRDA:101,12,0,0
BRDA:101,12,1,0
BRDA:128,13,0,0
BRDA:128,13,1,0
BRDA:142,14,0,0
BRDA:142,14,1,0
BRDA:142,15,0,0
BRDA:142,15,1,0
BRDA:162,16,0,0
BRDA:162,16,1,0
BRDA:162,17,0,0
BRDA:162,17,1,0
BRDA:171,18,0,0
BRDA:171,18,1,0
BRDA:185,19,0,0
BRDA:185,19,1,0
BRDA:188,20,0,0
BRDA:188,20,1,0
BRF:49
BRH:0
end_of_record
TN:
SF:src\components\listagem-itens\tabelaVersaoItem\tabelaVersaoItemComponent.tsx
FN:11,(anonymous_0)
FN:12,(anonymous_1)
FN:17,(anonymous_2)
FN:22,(anonymous_3)
FN:25,(anonymous_4)
FN:28,(anonymous_5)
FN:35,(anonymous_6)
FN:37,(anonymous_7)
FN:46,(anonymous_8)
FNF:9
FNH:0
FNDA:0,(anonymous_0)
FNDA:0,(anonymous_1)
FNDA:0,(anonymous_2)
FNDA:0,(anonymous_3)
FNDA:0,(anonymous_4)
FNDA:0,(anonymous_5)
FNDA:0,(anonymous_6)
FNDA:0,(anonymous_7)
FNDA:0,(anonymous_8)
DA:11,0
DA:12,0
DA:14,0
DA:17,0
DA:19,0
DA:22,0
DA:23,0
DA:25,0
DA:28,0
DA:35,0
DA:36,0
DA:37,0
DA:39,0
DA:42,0
DA:46,0
DA:49,0
LF:16
LH:0
BRDA:36,0,0,0
BRDA:36,0,1,0
BRDA:36,1,0,0
BRDA:36,1,1,0
BRF:4
BRH:0
end_of_record
TN:
SF:src\components\listagem-itens\versaoItem\listagemVersaoItemComponent.tsx
FN:11,(anonymous_0)
FN:16,(anonymous_1)
FNF:2
FNH:0
FNDA:0,(anonymous_0)
FNDA:0,(anonymous_1)
DA:11,0
DA:13,0
DA:16,0
DA:17,0
DA:20,0
LF:5
LH:0
BRDA:17,0,0,0
BRDA:17,0,1,0
BRDA:24,1,0,0
BRDA:24,1,1,0
BRDA:31,2,0,0
BRDA:31,2,1,0
BRF:6
BRH:0
end_of_record
TN:
SF:src\domain\dto\AltenativaDto.ts
FNF:0
FNH:0
LF:0
LH:0
BRF:0
BRH:0
end_of_record
TN:
SF:src\domain\dto\ArquivoMidiaDto.ts
FNF:0
FNH:0
LF:0
LH:0
BRF:0
BRH:0
end_of_record
TN:
SF:src\domain\dto\RetornoUploadArquivoDto.ts
FNF:0
FNH:0
LF:0
LH:0
BRF:0
BRH:0
end_of_record
TN:
SF:src\domain\dto\UploadArquivoRequestDto.ts
FNF:0
FNH:0
LF:0
LH:0
BRF:0
BRH:0
end_of_record
TN:
SF:src\domain\dto\aluno-turma-dto.ts
FNF:0
FNH:0
LF:0
LH:0
BRF:0
BRH:0
end_of_record
TN:
SF:src\domain\dto\ant-design-dto.ts
FNF:0
FNH:0
LF:0
LH:0
BRF:0
BRH:0
end_of_record
TN:
SF:src\domain\dto\filtro-item-dto.ts
FNF:0
FNH:0
LF:0
LH:0
BRF:0
BRH:0
end_of_record
TN:
SF:src\domain\dto\item-dto.ts
FNF:0
FNH:0
LF:0
LH:0
BRF:0
BRH:0
end_of_record
TN:
SF:src\domain\dto\item-listagem-dto.ts
FNF:0
FNH:0
LF:0
LH:0
BRF:0
BRH:0
end_of_record
TN:
SF:src\domain\dto\item-resumo-versao-dto.ts
FNF:0
FNH:0
LF:0
LH:0
BRF:0
BRH:0
end_of_record
TN:
SF:src\domain\dto\itemNovo-dto.ts
FNF:0
FNH:0
LF:0
LH:0
BRF:0
BRH:0
end_of_record
TN:
SF:src\domain\dto\paginacao-dto.ts
FNF:0
FNH:0
LF:0
LH:0
BRF:0
BRH:0
end_of_record
TN:
SF:src\domain\dto\resumo-alternativa-dto.ts
FNF:0
FNH:0
LF:0
LH:0
BRF:0
BRH:0
end_of_record
TN:
SF:src\domain\dto\resumo-geral-prova-dto.ts
FNF:0
FNH:0
LF:0
LH:0
BRF:0
BRH:0
end_of_record
TN:
SF:src\domain\dto\selecione-dto.ts
FNF:0
FNH:0
LF:0
LH:0
BRF:0
BRH:0
end_of_record
TN:
SF:src\domain\dto\versao-dto.ts
FNF:0
FNH:0
LF:0
LH:0
BRF:0
BRH:0
end_of_record
TN:
SF:src\domain\enums\FileType.ts
FNF:0
FNH:0
LF:0
LH:0
BRF:0
BRH:0
end_of_record
TN:
SF:src\domain\enums\TipoArquivoEnum.ts
FNF:0
FNH:0
LF:0
LH:0
BRF:0
BRH:0
end_of_record
TN:
SF:src\domain\enums\campos-cadastro-item.ts
FNF:0
FNH:0
LF:0
LH:0
BRF:0
BRH:0
end_of_record
TN:
SF:src\domain\enums\campos-filtro-itens.ts
FNF:0
FNH:0
LF:0
LH:0
BRF:0
BRH:0
end_of_record
TN:
SF:src\domain\enums\modalidade.ts
FNF:0
FNH:0
LF:0
LH:0
BRF:0
BRH:0
end_of_record
TN:
SF:src\domain\enums\nivelItem.ts
FNF:0
FNH:0
LF:0
LH:0
BRF:0
BRH:0
end_of_record
TN:
SF:src\domain\enums\prova-situacao.ts
FNF:0
FNH:0
LF:0
LH:0
BRF:0
BRH:0
end_of_record
TN:
SF:src\domain\enums\selecione-dto.ts
FNF:0
FNH:0
LF:0
LH:0
BRF:0
BRH:0
end_of_record
TN:
SF:src\domain\enums\situacao.ts
FNF:0
FNH:0
DA:8,0
LF:1
LH:0
BRF:0
BRH:0
end_of_record
TN:
SF:src\domain\interfaces\camposFiltroItensProps.ts
FNF:0
FNH:0
LF:0
LH:0
BRF:0
BRH:0
end_of_record
TN:
SF:src\domain\type\select.ts
FNF:0
FNH:0
LF:0
LH:0
BRF:0
BRH:0
end_of_record
TN:
SF:src\pages\autenticar.tsx
FN:7,(anonymous_0)
FN:14,(anonymous_1)
FN:58,(anonymous_2)
FNF:3
FNH:0
FNDA:0,(anonymous_0)
FNDA:0,(anonymous_1)
FNDA:0,(anonymous_2)
DA:7,0
DA:8,0
DA:9,0
DA:10,0
DA:11,0
DA:12,0
DA:14,0
DA:15,0
DA:16,0
DA:18,0
DA:19,0
DA:21,0
DA:22,0
DA:23,0
DA:25,0
DA:27,0
DA:29,0
DA:31,0
DA:32,0
DA:35,0
DA:36,0
DA:37,0
DA:38,0
DA:45,0
DA:47,0
DA:49,0
DA:50,0
DA:53,0
DA:58,0
DA:59,0
DA:62,0
LF:31
LH:0
BRDA:15,0,0,0
BRDA:15,0,1,0
BRDA:21,1,0,0
BRDA:21,1,1,0
BRDA:35,2,0,0
BRDA:35,2,1,0
BRDA:35,3,0,0
BRDA:35,3,1,0
BRDA:37,4,0,0
BRDA:37,4,1,0
BRF:10
BRH:0
end_of_record
TN:
SF:src\pages\main-content.tsx
FN:5,(anonymous_0)
FNF:1
FNH:0
FNDA:0,(anonymous_0)
DA:5,0
DA:6,0
LF:2
LH:0
BRF:0
BRH:0
end_of_record
TN:
SF:src\pages\home-dashboard\header\style.ts
FNF:0
FNH:0
DA:5,0
DA:12,0
DA:19,0
DA:24,0
LF:4
LH:0
BRF:0
BRH:0
end_of_record
TN:
SF:src\pages\home-dashboard\tabelas\styles.ts
FNF:0
FNH:0
DA:4,0
DA:12,0
LF:2
LH:0
BRF:0
BRH:0
end_of_record
TN:
SF:src\pages\itemNovo\cadastrar\cadastrarItemHeaderComponent.tsx
FN:7,(anonymous_0)
FNF:1
FNH:0
FNDA:0,(anonymous_0)
DA:7,0
DA:8,0
DA:9,0
LF:3
LH:0
BRDA:31,0,0,0
BRDA:31,0,1,0
BRDA:42,1,0,0
BRDA:42,1,1,0
BRF:4
BRH:0
end_of_record
TN:
SF:src\pages\itemNovo\cadastrar\cadastrarItemNovo.tsx
FN:69,(anonymous_0)
FN:96,(anonymous_1)
FN:112,(anonymous_2)
FN:125,(anonymous_3)
FN:140,(anonymous_4)
FN:144,(anonymous_5)
FN:153,(anonymous_6)
FN:163,(anonymous_7)
FN:169,(anonymous_8)
FN:177,(anonymous_9)
FN:189,(anonymous_10)
FN:206,(anonymous_11)
FN:210,(anonymous_12)
FN:210,(anonymous_13)
FN:215,(anonymous_14)
FN:219,(anonymous_15)
FN:276,(anonymous_16)
FN:297,(anonymous_17)
FN:321,(anonymous_18)
FN:359,(anonymous_19)
FN:362,(anonymous_20)
FN:366,(anonymous_21)
FN:374,(anonymous_22)
FN:377,(anonymous_23)
FN:381,(anonymous_24)
FN:388,(anonymous_25)
FN:405,(anonymous_26)
FN:410,(anonymous_27)
FN:422,(anonymous_28)
FN:483,(anonymous_29)
FNF:30
FNH:0
FNDA:0,(anonymous_0)
FNDA:0,(anonymous_1)
FNDA:0,(anonymous_2)
FNDA:0,(anonymous_3)
FNDA:0,(anonymous_4)
FNDA:0,(anonymous_5)
FNDA:0,(anonymous_6)
FNDA:0,(anonymous_7)
FNDA:0,(anonymous_8)
FNDA:0,(anonymous_9)
FNDA:0,(anonymous_10)
FNDA:0,(anonymous_11)
FNDA:0,(anonymous_12)
FNDA:0,(anonymous_13)
FNDA:0,(anonymous_14)
FNDA:0,(anonymous_15)
FNDA:0,(anonymous_16)
FNDA:0,(anonymous_17)
FNDA:0,(anonymous_18)
FNDA:0,(anonymous_19)
FNDA:0,(anonymous_20)
FNDA:0,(anonymous_21)
FNDA:0,(anonymous_22)
FNDA:0,(anonymous_23)
FNDA:0,(anonymous_24)
FNDA:0,(anonymous_25)
FNDA:0,(anonymous_26)
FNDA:0,(anonymous_27)
FNDA:0,(anonymous_28)
FNDA:0,(anonymous_29)
DA:69,0
DA:71,0
DA:72,0
DA:74,0
DA:75,0
DA:76,0
DA:78,0
DA:79,0
DA:89,0
DA:90,0
DA:93,0
DA:94,0
DA:96,0
DA:97,0
DA:98,0
DA:104,0
DA:106,0
DA:112,0
DA:113,0
DA:114,0
DA:115,0
DA:116,0
DA:117,0
DA:119,0
DA:120,0
DA:121,0
DA:125,0
DA:126,0
DA:127,0
DA:128,0
DA:130,0
DA:131,0
DA:132,0
DA:133,0
DA:136,0
DA:140,0
DA:141,0
DA:144,0
DA:146,0
DA:149,0
DA:153,0
DA:154,0
DA:156,0
DA:161,0
DA:162,0
DA:164,0
DA:169,0
DA:170,0
DA:171,0
DA:172,0
DA:173,0
DA:174,0
DA:177,0
DA:178,0
DA:179,0
DA:180,0
DA:182,0
DA:183,0
DA:184,0
DA:186,0
DA:189,0
DA:190,0
DA:192,0
DA:193,0
DA:194,0
DA:195,0
DA:196,0
DA:197,0
DA:198,0
DA:203,0
DA:204,0
DA:205,0
DA:206,0
DA:207,0
DA:208,0
DA:209,0
DA:210,0
DA:215,0
DA:216,0
DA:217,0
DA:218,0
DA:219,0
DA:226,0
DA:227,0
DA:235,0
DA:236,0
DA:238,0
DA:239,0
DA:240,0
DA:241,0
DA:242,0
DA:245,0
DA:275,0
DA:276,0
DA:277,0
DA:278,0
DA:279,0
DA:282,0
DA:283,0
DA:286,0
DA:287,0
DA:289,0
DA:290,0
DA:293,0
DA:296,0
DA:298,0
DA:299,0
DA:301,0
DA:302,0
DA:321,0
DA:329,0
DA:330,0
DA:332,0
DA:333,0
DA:335,0
DA:336,0
DA:337,0
DA:338,0
DA:339,0
DA:340,0
DA:343,0
DA:351,0
DA:352,0
DA:358,0
DA:360,0
DA:363,0
DA:364,0
DA:367,0
DA:373,0
DA:375,0
DA:378,0
DA:379,0
DA:382,0
DA:388,0
DA:389,0
DA:394,0
DA:396,0
DA:398,0
DA:399,0
DA:405,0
DA:406,0
DA:409,0
DA:410,0
DA:411,0
DA:412,0
DA:415,0
DA:416,0
DA:418,0
DA:421,0
DA:423,0
DA:424,0
DA:426,0
DA:427,0
DA:428,0
DA:431,0
DA:432,0
DA:434,0
DA:437,0
DA:442,0
DA:483,0
LF:160
LH:0
BRDA:102,0,0,0
BRDA:102,0,1,0
BRDA:128,1,0,0
BRDA:128,1,1,0
BRDA:131,2,0,0
BRDA:131,2,1,0
BRDA:132,3,0,0
BRDA:132,3,1,0
BRDA:133,4,0,0
BRDA:133,4,1,0
BRDA:146,5,0,0
BRDA:146,5,1,0
BRDA:154,6,0,0
BRDA:154,6,1,0
BRDA:154,6,2,0
BRDA:178,7,0,0
BRDA:178,7,1,0
BRDA:178,8,0,0
BRDA:178,8,1,0
BRDA:182,9,0,0
BRDA:182,9,1,0
BRDA:182,10,0,0
BRDA:182,10,1,0
BRDA:195,11,0,0
BRDA:195,11,1,0
BRDA:197,12,0,0
BRDA:197,12,1,0
BRDA:204,13,0,0
BRDA:204,13,1,0
BRDA:205,14,0,0
BRDA:205,14,1,0
BRDA:206,15,0,0
BRDA:206,15,1,0
BRDA:207,16,0,0
BRDA:207,16,1,0
BRDA:208,17,0,0
BRDA:208,17,1,0
BRDA:208,18,0,0
BRDA:208,18,1,0
BRDA:209,19,0,0
BRDA:209,19,1,0
BRDA:210,20,0,0
BRDA:210,20,1,0
BRDA:216,21,0,0
BRDA:216,21,1,0
BRDA:226,22,0,0
BRDA:226,22,1,0
BRDA:230,23,0,0
BRDA:230,23,1,0
BRDA:232,24,0,0
BRDA:232,24,1,0
BRDA:235,25,0,0
BRDA:235,25,1,0
BRDA:242,26,0,0
BRDA:242,26,1,0
BRDA:247,27,0,0
BRDA:247,27,1,0
BRDA:248,28,0,0
BRDA:248,28,1,0
BRDA:249,29,0,0
BRDA:249,29,1,0
BRDA:250,30,0,0
BRDA:250,30,1,0
BRDA:251,31,0,0
BRDA:251,31,1,0
BRDA:252,32,0,0
BRDA:252,32,1,0
BRDA:253,33,0,0
BRDA:253,33,1,0
BRDA:254,34,0,0
BRDA:254,34,1,0
BRDA:255,35,0,0
BRDA:255,35,1,0
BRDA:256,36,0,0
BRDA:256,36,1,0
BRDA:257,37,0,0
BRDA:257,37,1,0
BRDA:258,38,0,0
BRDA:258,38,1,0
BRDA:259,39,0,0
BRDA:259,39,1,0
BRDA:260,40,0,0
BRDA:260,40,1,0
BRDA:261,41,0,0
BRDA:261,41,1,0
BRDA:262,42,0,0
BRDA:262,42,1,0
BRDA:263,43,0,0
BRDA:263,43,1,0
BRDA:265,44,0,0
BRDA:265,44,1,0
BRDA:266,45,0,0
BRDA:266,45,1,0
BRDA:267,46,0,0
BRDA:267,46,1,0
BRDA:268,47,0,0
BRDA:268,47,1,0
BRDA:269,48,0,0
BRDA:269,48,1,0
BRDA:270,49,0,0
BRDA:270,49,1,0
BRDA:271,50,0,0
BRDA:271,50,1,0
BRDA:275,51,0,0
BRDA:275,51,1,0
BRDA:283,52,0,0
BRDA:283,52,1,0
BRDA:286,53,0,0
BRDA:286,53,1,0
BRDA:289,54,0,0
BRDA:289,54,1,0
BRDA:301,55,0,0
BRDA:301,55,1,0
BRDA:320,56,0,0
BRDA:320,56,1,0
BRDA:321,57,0,0
BRDA:321,57,1,0
BRDA:330,58,0,0
BRDA:330,58,1,0
BRDA:335,59,0,0
BRDA:335,59,1,0
BRDA:337,60,0,0
BRDA:337,60,1,0
BRDA:394,61,0,0
BRDA:394,61,1,0
BRDA:394,61,2,0
BRDA:398,62,0,0
BRDA:398,62,1,0
BRDA:406,63,0,0
BRDA:406,63,1,0
BRDA:406,63,2,0
BRDA:409,64,0,0
BRDA:409,64,1,0
BRDA:411,65,0,0
BRDA:411,65,1,0
BRDA:422,66,0,0
BRDA:426,67,0,0
BRDA:426,67,1,0
BRDA:431,68,0,0
BRDA:431,68,1,0
BRDA:495,69,0,0
BRDA:495,69,1,0
BRF:142
BRH:0
end_of_record
TN:
SF:src\pages\itemNovo\cadastrar\cadastrarItemNovoElaboracao.tsx
FN:71,(anonymous_0)
FN:100,(anonymous_1)
FN:105,(anonymous_2)
FN:122,(anonymous_3)
FN:142,(anonymous_4)
FN:152,(anonymous_5)
FN:169,(anonymous_6)
FN:174,(anonymous_7)
FN:181,(anonymous_8)
FN:190,(anonymous_9)
FN:233,(anonymous_10)
FN:254,(anonymous_11)
FN:289,(anonymous_12)
FN:298,(anonymous_13)
FN:322,(anonymous_14)
FN:324,(anonymous_15)
FN:336,(anonymous_16)
FN:337,(anonymous_17)
FN:338,(anonymous_18)
FN:339,(anonymous_19)
FN:340,(anonymous_20)
FN:341,(anonymous_21)
FN:342,(anonymous_22)
FN:343,(anonymous_23)
FN:344,(anonymous_24)
FN:345,(anonymous_25)
FN:346,(anonymous_26)
FN:347,(anonymous_27)
FN:348,(anonymous_28)
FN:405,(anonymous_29)
FN:406,(anonymous_30)
FN:427,(anonymous_31)
FN:445,(anonymous_32)
FN:449,(anonymous_33)
FN:503,(anonymous_34)
FN:508,(anonymous_35)
FN:590,(anonymous_36)
FN:595,(anonymous_37)
FN:601,(anonymous_38)
FN:601,(anonymous_39)
FN:628,(anonymous_40)
FN:644,(anonymous_41)
FN:647,(anonymous_42)
FN:714,(anonymous_43)
FN:725,(anonymous_44)
FN:736,(anonymous_45)
FN:755,(anonymous_46)
FN:775,(anonymous_47)
FN:780,(anonymous_48)
FNF:49
FNH:0
FNDA:0,(anonymous_0)
FNDA:0,(anonymous_1)
FNDA:0,(anonymous_2)
FNDA:0,(anonymous_3)
FNDA:0,(anonymous_4)
FNDA:0,(anonymous_5)
FNDA:0,(anonymous_6)
FNDA:0,(anonymous_7)
FNDA:0,(anonymous_8)
FNDA:0,(anonymous_9)
FNDA:0,(anonymous_10)
FNDA:0,(anonymous_11)
FNDA:0,(anonymous_12)
FNDA:0,(anonymous_13)
FNDA:0,(anonymous_14)
FNDA:0,(anonymous_15)
FNDA:0,(anonymous_16)
FNDA:0,(anonymous_17)
FNDA:0,(anonymous_18)
FNDA:0,(anonymous_19)
FNDA:0,(anonymous_20)
FNDA:0,(anonymous_21)
FNDA:0,(anonymous_22)
FNDA:0,(anonymous_23)
FNDA:0,(anonymous_24)
FNDA:0,(anonymous_25)
FNDA:0,(anonymous_26)
FNDA:0,(anonymous_27)
FNDA:0,(anonymous_28)
FNDA:0,(anonymous_29)
FNDA:0,(anonymous_30)
FNDA:0,(anonymous_31)
FNDA:0,(anonymous_32)
FNDA:0,(anonymous_33)
FNDA:0,(anonymous_34)
FNDA:0,(anonymous_35)
FNDA:0,(anonymous_36)
FNDA:0,(anonymous_37)
FNDA:0,(anonymous_38)
FNDA:0,(anonymous_39)
FNDA:0,(anonymous_40)
FNDA:0,(anonymous_41)
FNDA:0,(anonymous_42)
FNDA:0,(anonymous_43)
FNDA:0,(anonymous_44)
FNDA:0,(anonymous_45)
FNDA:0,(anonymous_46)
FNDA:0,(anonymous_47)
FNDA:0,(anonymous_48)
DA:71,0
DA:73,0
DA:74,0
DA:75,0
DA:76,0
DA:77,0
DA:78,0
DA:79,0
DA:80,0
DA:82,0
DA:83,0
DA:84,0
DA:85,0
DA:87,0
DA:88,0
DA:89,0
DA:97,0
DA:99,0
DA:101,0
DA:105,0
DA:106,0
DA:107,0
DA:108,0
DA:109,0
DA:110,0
DA:111,0
DA:112,0
DA:113,0
DA:115,0
DA:116,0
DA:118,0
DA:119,0
DA:120,0
DA:122,0
DA:125,0
DA:126,0
DA:127,0
DA:128,0
DA:129,0
DA:130,0
DA:131,0
DA:134,0
DA:137,0
DA:139,0
DA:142,0
DA:143,0
DA:144,0
DA:146,0
DA:152,0
DA:153,0
DA:154,0
DA:155,0
DA:156,0
DA:157,0
DA:159,0
DA:163,0
DA:164,0
DA:169,0
DA:170,0
DA:171,0
DA:174,0
DA:175,0
DA:176,0
DA:177,0
DA:178,0
DA:180,0
DA:181,0
DA:182,0
DA:184,0
DA:187,0
DA:190,0
DA:191,0
DA:197,0
DA:200,0
DA:201,0
DA:202,0
DA:203,0
DA:204,0
DA:205,0
DA:214,0
DA:215,0
DA:216,0
DA:218,0
DA:219,0
DA:221,0
DA:222,0
DA:224,0
DA:225,0
DA:228,0
DA:229,0
DA:233,0
DA:234,0
DA:236,0
DA:239,0
DA:240,0
DA:241,0
DA:242,0
DA:243,0
DA:244,0
DA:245,0
DA:246,0
DA:247,0
DA:248,0
DA:249,0
DA:250,0
DA:251,0
DA:252,0
DA:253,0
DA:254,0
DA:255,0
DA:256,0
DA:257,0
DA:260,0
DA:261,0
DA:262,0
DA:263,0
DA:264,0
DA:265,0
DA:268,0
DA:269,0
DA:270,0
DA:271,0
DA:272,0
DA:273,0
DA:275,0
DA:276,0
DA:277,0
DA:278,0
DA:281,0
DA:282,0
DA:283,0
DA:284,0
DA:288,0
DA:289,0
DA:290,0
DA:294,0
DA:295,0
DA:298,0
DA:299,0
DA:300,0
DA:302,0
DA:303,0
DA:322,0
DA:324,0
DA:331,0
DA:336,0
DA:337,0
DA:338,0
DA:339,0
DA:340,0
DA:341,0
DA:342,0
DA:343,0
DA:344,0
DA:345,0
DA:346,0
DA:347,0
DA:348,0
DA:352,0
DA:353,0
DA:354,0
DA:363,0
DA:364,0
DA:365,0
DA:374,0
DA:380,0
DA:381,0
DA:382,0
DA:383,0
DA:384,0
DA:385,0
DA:386,0
DA:387,0
DA:394,0
DA:395,0
DA:397,0
DA:398,0
DA:401,0
DA:402,0
DA:405,0
DA:406,0
DA:407,0
DA:408,0
DA:410,0
DA:411,0
DA:414,0
DA:416,0
DA:417,0
DA:418,0
DA:419,0
DA:420,0
DA:425,0
DA:427,0
DA:428,0
DA:429,0
DA:444,0
DA:445,0
DA:449,0
DA:450,0
DA:451,0
DA:452,0
DA:473,0
DA:475,0
DA:476,0
DA:477,0
DA:478,0
DA:480,0
DA:481,0
DA:482,0
DA:483,0
DA:486,0
DA:494,0
DA:496,0
DA:503,0
DA:504,0
DA:505,0
DA:508,0
DA:509,0
DA:510,0
DA:513,0
DA:521,0
DA:522,0
DA:524,0
DA:528,0
DA:536,0
DA:537,0
DA:539,0
DA:543,0
DA:551,0
DA:552,0
DA:554,0
DA:558,0
DA:566,0
DA:567,0
DA:569,0
DA:570,0
DA:571,0
DA:591,0
DA:593,0
DA:594,0
DA:595,0
DA:596,0
DA:597,0
DA:598,0
DA:599,0
DA:600,0
DA:601,0
DA:606,0
DA:618,0
DA:619,0
DA:621,0
DA:622,0
DA:624,0
DA:625,0
DA:627,0
DA:628,0
DA:629,0
DA:630,0
DA:632,0
DA:637,0
DA:643,0
DA:645,0
DA:648,0
DA:649,0
DA:650,0
DA:657,0
DA:658,0
DA:659,0
DA:660,0
DA:661,0
DA:662,0
DA:665,0
DA:666,0
DA:668,0
DA:670,0
DA:671,0
DA:672,0
DA:689,0
DA:692,0
DA:693,0
DA:694,0
DA:711,0
DA:715,0
DA:724,0
DA:726,0
DA:727,0
DA:729,0
DA:730,0
DA:731,0
DA:736,0
DA:737,0
DA:738,0
DA:739,0
DA:740,0
DA:741,0
DA:742,0
DA:743,0
DA:749,0
DA:750,0
DA:751,0
DA:752,0
DA:753,0
DA:755,0
DA:756,0
DA:757,0
DA:758,0
DA:762,0
DA:776,0
DA:777,0
DA:778,0
DA:780,0
DA:781,0
LF:312
LH:0
BRDA:108,0,0,0
BRDA:108,0,1,0
BRDA:110,1,0,0
BRDA:110,1,1,0
BRDA:112,2,0,0
BRDA:112,2,1,0
BRDA:112,2,2,0
BRDA:113,3,0,0
BRDA:113,3,1,0
BRDA:113,3,2,0
BRDA:118,4,0,0
BRDA:118,4,1,0
BRDA:118,5,0,0
BRDA:118,5,1,0
BRDA:119,6,0,0
BRDA:119,6,1,0
BRDA:122,7,0,0
BRDA:122,7,1,0
BRDA:125,8,0,0
BRDA:125,8,1,0
BRDA:126,9,0,0
BRDA:126,9,1,0
BRDA:127,10,0,0
BRDA:127,10,1,0
BRDA:128,11,0,0
BRDA:128,11,1,0
BRDA:129,12,0,0
BRDA:129,12,1,0
BRDA:129,13,0,0
BRDA:129,13,1,0
BRDA:130,14,0,0
BRDA:130,14,1,0
BRDA:153,15,0,0
BRDA:153,15,1,0
BRDA:153,16,0,0
BRDA:153,16,1,0
BRDA:159,17,0,0
BRDA:159,17,1,0
BRDA:175,18,0,0
BRDA:175,18,1,0
BRDA:176,19,0,0
BRDA:176,19,1,0
BRDA:176,19,2,0
BRDA:176,19,3,0
BRDA:176,20,0,0
BRDA:176,20,1,0
BRDA:178,21,0,0
BRDA:178,21,1,0
BRDA:178,21,2,0
BRDA:178,21,3,0
BRDA:180,22,0,0
BRDA:180,22,1,0
BRDA:180,23,0,0
BRDA:180,23,1,0
BRDA:193,24,0,0
BRDA:193,24,1,0
BRDA:197,25,0,0
BRDA:197,25,1,0
BRDA:197,26,0,0
BRDA:197,26,1,0
BRDA:197,26,2,0
BRDA:197,26,3,0
BRDA:201,27,0,0
BRDA:201,27,1,0
BRDA:201,28,0,0
BRDA:201,28,1,0
BRDA:201,28,2,0
BRDA:201,28,3,0
BRDA:204,29,0,0
BRDA:204,29,1,0
BRDA:215,30,0,0
BRDA:215,30,1,0
BRDA:215,31,0,0
BRDA:215,31,1,0
BRDA:218,32,0,0
BRDA:218,32,1,0
BRDA:218,33,0,0
BRDA:218,33,1,0
BRDA:221,34,0,0
BRDA:221,34,1,0
BRDA:224,35,0,0
BRDA:224,35,1,0
BRDA:228,36,0,0
BRDA:228,36,1,0
BRDA:254,37,0,0
BRDA:256,38,0,0
BRDA:256,38,1,0
BRDA:256,39,0,0
BRDA:256,39,1,0
BRDA:261,40,0,0
BRDA:261,40,1,0
BRDA:263,41,0,0
BRDA:263,41,1,0
BRDA:264,42,0,0
BRDA:264,42,1,0
BRDA:264,43,0,0
BRDA:264,43,1,0
BRDA:269,44,0,0
BRDA:269,44,1,0
BRDA:270,45,0,0
BRDA:270,45,1,0
BRDA:271,46,0,0
BRDA:271,46,1,0
BRDA:275,47,0,0
BRDA:275,47,1,0
BRDA:275,48,0,0
BRDA:275,48,1,0
BRDA:275,48,2,0
BRDA:277,49,0,0
BRDA:277,49,1,0
BRDA:277,50,0,0
BRDA:277,50,1,0
BRDA:281,51,0,0
BRDA:281,51,1,0
BRDA:281,52,0,0
BRDA:281,52,1,0
BRDA:281,52,2,0
BRDA:283,53,0,0
BRDA:283,53,1,0
BRDA:283,54,0,0
BRDA:283,54,1,0
BRDA:302,55,0,0
BRDA:302,55,1,0
BRDA:321,56,0,0
BRDA:321,56,1,0
BRDA:322,57,0,0
BRDA:322,57,1,0
BRDA:323,58,0,0
BRDA:323,58,1,0
BRDA:324,59,0,0
BRDA:324,59,1,0
BRDA:332,60,0,0
BRDA:332,60,1,0
BRDA:333,61,0,0
BRDA:333,61,1,0
BRDA:334,62,0,0
BRDA:334,62,1,0
BRDA:336,63,0,0
BRDA:336,63,1,0
BRDA:337,64,0,0
BRDA:337,64,1,0
BRDA:338,65,0,0
BRDA:338,65,1,0
BRDA:339,66,0,0
BRDA:339,66,1,0
BRDA:340,67,0,0
BRDA:340,67,1,0
BRDA:341,68,0,0
BRDA:341,68,1,0
BRDA:342,69,0,0
BRDA:342,69,1,0
BRDA:343,70,0,0
BRDA:343,70,1,0
BRDA:344,71,0,0
BRDA:344,71,1,0
BRDA:345,72,0,0
BRDA:345,72,1,0
BRDA:346,73,0,0
BRDA:346,73,1,0
BRDA:347,74,0,0
BRDA:347,74,1,0
BRDA:348,75,0,0
BRDA:348,75,1,0
BRDA:349,76,0,0
BRDA:349,76,1,0
BRDA:350,77,0,0
BRDA:350,77,1,0
BRDA:353,78,0,0
BRDA:353,78,1,0
BRDA:356,79,0,0
BRDA:356,79,1,0
BRDA:357,80,0,0
BRDA:357,80,1,0
BRDA:360,81,0,0
BRDA:360,81,1,0
BRDA:364,82,0,0
BRDA:364,82,1,0
BRDA:367,83,0,0
BRDA:367,83,1,0
BRDA:368,84,0,0
BRDA:368,84,1,0
BRDA:371,85,0,0
BRDA:371,85,1,0
BRDA:381,86,0,0
BRDA:381,86,1,0
BRDA:385,87,0,0
BRDA:385,87,1,0
BRDA:386,88,0,0
BRDA:386,88,1,0
BRDA:407,89,0,0
BRDA:407,89,1,0
BRDA:410,90,0,0
BRDA:410,90,1,0
BRDA:416,91,0,0
BRDA:416,91,1,0
BRDA:416,92,0,0
BRDA:416,92,1,0
BRDA:416,92,2,0
BRDA:416,92,3,0
BRDA:419,93,0,0
BRDA:419,93,1,0
BRDA:420,94,0,0
BRDA:420,94,1,0
BRDA:428,95,0,0
BRDA:428,95,1,0
BRDA:428,96,0,0
BRDA:428,96,1,0
BRDA:430,97,0,0
BRDA:430,97,1,0
BRDA:431,98,0,0
BRDA:431,98,1,0
BRDA:432,99,0,0
BRDA:432,99,1,0
BRDA:433,100,0,0
BRDA:433,100,1,0
BRDA:434,101,0,0
BRDA:434,101,1,0
BRDA:435,102,0,0
BRDA:435,102,1,0
BRDA:436,103,0,0
BRDA:436,103,1,0
BRDA:437,104,0,0
BRDA:437,104,1,0
BRDA:438,105,0,0
BRDA:438,105,1,0
BRDA:439,106,0,0
BRDA:439,106,1,0
BRDA:440,107,0,0
BRDA:440,107,1,0
BRDA:441,108,0,0
BRDA:441,108,1,0
BRDA:442,109,0,0
BRDA:442,109,1,0
BRDA:444,110,0,0
BRDA:444,110,1,0
BRDA:444,111,0,0
BRDA:444,111,1,0
BRDA:453,112,0,0
BRDA:453,112,1,0
BRDA:454,113,0,0
BRDA:454,113,1,0
BRDA:455,114,0,0
BRDA:455,114,1,0
BRDA:456,115,0,0
BRDA:456,115,1,0
BRDA:457,116,0,0
BRDA:457,116,1,0
BRDA:458,117,0,0
BRDA:458,117,1,0
BRDA:459,118,0,0
BRDA:459,118,1,0
BRDA:460,119,0,0
BRDA:460,119,1,0
BRDA:461,120,0,0
BRDA:461,120,1,0
BRDA:462,121,0,0
BRDA:462,121,1,0
BRDA:463,122,0,0
BRDA:463,122,1,0
BRDA:464,123,0,0
BRDA:464,123,1,0
BRDA:465,124,0,0
BRDA:465,124,1,0
BRDA:466,125,0,0
BRDA:466,125,1,0
BRDA:467,126,0,0
BRDA:467,126,1,0
BRDA:468,127,0,0
BRDA:468,127,1,0
BRDA:469,128,0,0
BRDA:469,128,1,0
BRDA:470,129,0,0
BRDA:470,129,1,0
BRDA:470,129,2,0
BRDA:471,130,0,0
BRDA:471,130,1,0
BRDA:471,130,2,0
BRDA:475,131,0,0
BRDA:475,131,1,0
BRDA:480,132,0,0
BRDA:480,132,1,0
BRDA:482,133,0,0
BRDA:482,133,1,0
BRDA:488,134,0,0
BRDA:488,134,1,0
BRDA:504,135,0,0
BRDA:504,135,1,0
BRDA:504,136,0,0
BRDA:504,136,1,0
BRDA:504,136,2,0
BRDA:516,137,0,0
BRDA:516,137,1,0
BRDA:521,138,0,0
BRDA:521,138,1,0
BRDA:531,139,0,0
BRDA:531,139,1,0
BRDA:536,140,0,0
BRDA:536,140,1,0
BRDA:546,141,0,0
BRDA:546,141,1,0
BRDA:551,142,0,0
BRDA:551,142,1,0
BRDA:561,143,0,0
BRDA:561,143,1,0
BRDA:566,144,0,0
BRDA:566,144,1,0
BRDA:570,145,0,0
BRDA:570,145,1,0
BRDA:570,145,2,0
BRDA:570,145,3,0
BRDA:574,146,0,0
BRDA:574,146,1,0
BRDA:575,147,0,0
BRDA:575,147,1,0
BRDA:576,148,0,0
BRDA:576,148,1,0
BRDA:577,149,0,0
BRDA:577,149,1,0
BRDA:578,150,0,0
BRDA:578,150,1,0
BRDA:579,151,0,0
BRDA:579,151,1,0
BRDA:580,152,0,0
BRDA:580,152,1,0
BRDA:581,153,0,0
BRDA:581,153,1,0
BRDA:582,154,0,0
BRDA:582,154,1,0
BRDA:583,155,0,0
BRDA:583,155,1,0
BRDA:584,156,0,0
BRDA:584,156,1,0
BRDA:585,157,0,0
BRDA:585,157,1,0
BRDA:586,158,0,0
BRDA:586,158,1,0
BRDA:587,159,0,0
BRDA:587,159,1,0
BRDA:588,160,0,0
BRDA:588,160,1,0
BRDA:589,161,0,0
BRDA:589,161,1,0
BRDA:593,162,0,0
BRDA:593,162,1,0
BRDA:594,163,0,0
BRDA:594,163,1,0
BRDA:595,164,0,0
BRDA:595,164,1,0
BRDA:596,165,0,0
BRDA:596,165,1,0
BRDA:597,166,0,0
BRDA:597,166,1,0
BRDA:599,167,0,0
BRDA:599,167,1,0
BRDA:600,168,0,0
BRDA:600,168,1,0
BRDA:601,169,0,0
BRDA:601,169,1,0
BRDA:608,170,0,0
BRDA:608,170,1,0
BRDA:609,171,0,0
BRDA:609,171,1,0
BRDA:610,172,0,0
BRDA:610,172,1,0
BRDA:611,173,0,0
BRDA:611,173,1,0
BRDA:612,174,0,0
BRDA:612,174,1,0
BRDA:613,175,0,0
BRDA:613,175,1,0
BRDA:614,176,0,0
BRDA:614,176,1,0
BRDA:618,177,0,0
BRDA:618,177,1,0
BRDA:621,178,0,0
BRDA:621,178,1,0
BRDA:649,179,0,0
BRDA:649,179,1,0
BRDA:649,180,0,0
BRDA:649,180,1,0
BRDA:652,181,0,0
BRDA:652,181,1,0
BRDA:653,182,0,0
BRDA:653,182,1,0
BRDA:659,183,0,0
BRDA:659,183,1,0
BRDA:668,184,0,0
BRDA:668,184,1,0
BRDA:757,185,0,0
BRDA:757,185,1,0
BRDA:776,186,0,0
BRDA:776,186,1,0
BRDA:776,187,0,0
BRDA:776,187,1,0
BRDA:776,187,2,0
BRDA:777,188,0,0
BRDA:777,188,1,0
BRF:397
BRH:0
end_of_record
TN:
SF:src\pages\itemNovo\cadastrar\cadastrarItemRodapeComponent.tsx
FN:4,(anonymous_0)
FNF:1
FNH:0
FNDA:0,(anonymous_0)
DA:4,0
DA:5,0
LF:2
LH:0
BRF:0
BRH:0
end_of_record
TN:
SF:src\pages\listagemItens\listagemItens.tsx
FN:22,(anonymous_0)
FN:36,(anonymous_1)
FN:40,(anonymous_2)
FN:46,(anonymous_3)
FN:50,(anonymous_4)
FN:70,(anonymous_5)
FN:78,(anonymous_6)
FN:94,(anonymous_7)
FN:117,(anonymous_8)
FN:122,(anonymous_9)
FN:126,(anonymous_10)
FN:130,(anonymous_11)
FN:131,(anonymous_12)
FN:136,(anonymous_13)
FN:137,(anonymous_14)
FN:142,(anonymous_15)
FN:177,(anonymous_16)
FNF:17
FNH:0
FNDA:0,(anonymous_0)
FNDA:0,(anonymous_1)
FNDA:0,(anonymous_2)
FNDA:0,(anonymous_3)
FNDA:0,(anonymous_4)
FNDA:0,(anonymous_5)
FNDA:0,(anonymous_6)
FNDA:0,(anonymous_7)
FNDA:0,(anonymous_8)
FNDA:0,(anonymous_9)
FNDA:0,(anonymous_10)
FNDA:0,(anonymous_11)
FNDA:0,(anonymous_12)
FNDA:0,(anonymous_13)
FNDA:0,(anonymous_14)
FNDA:0,(anonymous_15)
FNDA:0,(anonymous_16)
DA:22,0
DA:23,0
DA:24,0
DA:26,0
DA:27,0
DA:28,0
DA:29,0
DA:30,0
DA:31,0
DA:32,0
DA:33,0
DA:34,0
DA:36,0
DA:37,0
DA:40,0
DA:41,0
DA:42,0
DA:46,0
DA:47,0
DA:50,0
DA:51,0
DA:52,0
DA:53,0
DA:54,0
DA:62,0
DA:63,0
DA:65,0
DA:66,0
DA:70,0
DA:71,0
DA:75,0
DA:78,0
DA:79,0
DA:80,0
DA:81,0
DA:82,0
DA:86,0
DA:87,0
DA:89,0
DA:90,0
DA:94,0
DA:95,0
DA:96,0
DA:98,0
DA:100,0
DA:102,0
DA:103,0
DA:104,0
DA:106,0
DA:107,0
DA:108,0
DA:111,0
DA:113,0
DA:117,0
DA:118,0
DA:119,0
DA:122,0
DA:123,0
DA:126,0
DA:127,0
DA:130,0
DA:131,0
DA:132,0
DA:136,0
DA:137,0
DA:138,0
DA:141,0
DA:142,0
DA:145,0
DA:178,0
DA:179,0
LF:71
LH:0
BRDA:41,0,0,0
BRDA:41,0,1,0
BRDA:47,1,0,0
BRDA:47,1,1,0
BRDA:53,2,0,0
BRDA:53,2,1,0
BRDA:62,3,0,0
BRDA:62,3,1,0
BRDA:63,4,0,0
BRDA:63,4,1,0
BRDA:80,5,0,0
BRDA:80,5,1,0
BRDA:81,6,0,0
BRDA:81,6,1,0
BRDA:81,7,0,0
BRDA:81,7,1,0
BRDA:96,8,0,0
BRDA:96,8,1,0
BRDA:100,9,0,0
BRDA:100,9,1,0
BRDA:102,10,0,0
BRDA:102,10,1,0
BRDA:102,11,0,0
BRDA:102,11,1,0
BRDA:118,12,0,0
BRDA:118,12,1,0
BRDA:212,13,0,0
BRDA:212,13,1,0
BRF:28
BRH:0
end_of_record
TN:
SF:src\redux\modules\reducersNovo.tsx
FNF:0
FNH:0
DA:14,0
LF:1
LH:0
BRF:0
BRH:0
end_of_record
TN:
SF:src\redux\modules\auth\actions.tsx
FN:20,(anonymous_0)
FN:27,(anonymous_1)
FN:34,(anonymous_2)
FNF:3
FNH:0
FNDA:0,(anonymous_0)
FNDA:0,(anonymous_1)
FNDA:0,(anonymous_2)
DA:1,0
DA:2,0
DA:3,0
DA:20,0
DA:21,0
DA:27,0
DA:28,0
DA:34,0
DA:35,0
LF:9
LH:0
BRF:0
BRH:0
end_of_record
TN:
SF:src\redux\modules\auth\reducers.tsx
FN:25,(anonymous_0)
FN:54,(anonymous_1)
FN:59,(anonymous_2)
FNF:3
FNH:0
FNDA:0,(anonymous_0)
FNDA:0,(anonymous_1)
FNDA:0,(anonymous_2)
DA:3,0
DA:4,0
DA:5,0
DA:7,0
DA:9,0
DA:16,0
DA:17,0
DA:25,0
DA:26,0
DA:28,0
DA:29,0
DA:30,0
DA:31,0
DA:33,0
DA:34,0
DA:35,0
DA:39,0
DA:40,0
DA:41,0
DA:42,0
DA:44,0
DA:45,0
DA:46,0
DA:50,0
DA:54,0
DA:59,0
LF:26
LH:0
BRDA:7,0,0,0
BRDA:7,0,1,0
BRDA:7,0,2,0
BRDA:11,1,0,0
BRDA:11,1,1,0
BRDA:12,2,0,0
BRDA:12,2,1,0
BRDA:13,3,0,0
BRDA:13,3,1,0
BRDA:26,4,0,0
BRDA:26,4,1,0
BRDA:26,4,2,0
BRF:12
BRH:0
end_of_record
TN:
SF:src\redux\modules\cadastroItem-novo\area-conhecimento\actions.tsx
FN:10,(anonymous_0)
FNF:1
FNH:0
FNDA:0,(anonymous_0)
DA:3,0
DA:10,0
DA:11,0
LF:3
LH:0
BRF:0
BRH:0
end_of_record
TN:
SF:src\redux\modules\cadastroItem-novo\area-conhecimento\reducers.tsx
FN:25,(anonymous_0)
FN:26,(anonymous_1)
FNF:2
FNH:0
FNDA:0,(anonymous_0)
FNDA:0,(anonymous_1)
DA:15,0
DA:25,0
DA:26,0
DA:27,0
DA:29,0
DA:30,0
DA:31,0
DA:32,0
DA:33,0
DA:34,0
DA:35,0
DA:36,0
DA:38,0
LF:13
LH:0
BRDA:25,0,0,0
BRDA:27,1,0,0
BRDA:27,1,1,0
BRF:3
BRH:0
end_of_record
TN:
SF:src\redux\modules\cadastroItem-novo\disciplina\actions.tsx
FN:10,(anonymous_0)
FNF:1
FNH:0
FNDA:0,(anonymous_0)
DA:3,0
DA:10,0
DA:11,0
LF:3
LH:0
BRF:0
BRH:0
end_of_record
TN:
SF:src\redux\modules\cadastroItem-novo\disciplina\reducers.tsx
FN:28,(anonymous_0)
FN:29,(anonymous_1)
FNF:2
FNH:0
FNDA:0,(anonymous_0)
FNDA:0,(anonymous_1)
DA:16,0
DA:28,0
DA:29,0
DA:30,0
DA:32,0
DA:33,0
DA:34,0
DA:35,0
DA:36,0
DA:37,0
DA:38,0
DA:39,0
DA:40,0
DA:41,0
DA:43,0
LF:15
LH:0
BRDA:28,0,0,0
BRDA:30,1,0,0
BRDA:30,1,1,0
BRF:3
BRH:0
end_of_record
TN:
SF:src\redux\modules\cadastroItem-novo\itemNovo\actions.tsx
FN:26,(anonymous_0)
FN:33,(anonymous_1)
FN:39,(anonymous_2)
FNF:3
FNH:0
FNDA:0,(anonymous_0)
FNDA:0,(anonymous_1)
FNDA:0,(anonymous_2)
DA:7,0
DA:8,0
DA:9,0
DA:26,0
DA:27,0
DA:33,0
DA:39,0
DA:40,0
LF:8
LH:0
BRF:0
BRH:0
end_of_record
TN:
SF:src\redux\modules\cadastroItem-novo\itemNovo\reducers.tsx
FN:125,(anonymous_0)
FN:126,(anonymous_1)
FN:139,(anonymous_2)
FN:143,(anonymous_3)
FN:154,(anonymous_4)
FN:158,(anonymous_5)
FNF:6
FNH:0
FNDA:0,(anonymous_0)
FNDA:0,(anonymous_1)
FNDA:0,(anonymous_2)
FNDA:0,(anonymous_3)
FNDA:0,(anonymous_4)
FNDA:0,(anonymous_5)
DA:37,0
DA:88,0
DA:119,0
DA:125,0
DA:126,0
DA:127,0
DA:129,0
DA:130,0
DA:131,0
DA:132,0
DA:134,0
DA:139,0
DA:143,0
DA:144,0
DA:146,0
DA:147,0
DA:149,0
DA:154,0
DA:158,0
DA:159,0
DA:161,0
DA:162,0
DA:164,0
LF:23
LH:0
BRDA:125,0,0,0
BRDA:127,1,0,0
BRDA:127,1,1,0
BRDA:140,2,0,0
BRDA:144,3,0,0
BRDA:144,3,1,0
BRDA:155,4,0,0
BRDA:159,5,0,0
BRDA:159,5,1,0
BRF:9
BRH:0
end_of_record
TN:
SF:src\redux\modules\cadastroItem-novo\matriz\actions.tsx
FN:10,(anonymous_0)
FNF:1
FNH:0
FNDA:0,(anonymous_0)
DA:3,0
DA:10,0
DA:11,0
LF:3
LH:0
BRF:0
BRH:0
end_of_record
TN:
SF:src\redux\modules\cadastroItem-novo\matriz\reducers.tsx
FN:29,(anonymous_0)
FN:30,(anonymous_1)
FNF:2
FNH:0
FNDA:0,(anonymous_0)
FNDA:0,(anonymous_1)
DA:17,0
DA:29,0
DA:30,0
DA:31,0
DA:33,0
DA:34,0
DA:35,0
DA:36,0
DA:37,0
DA:38,0
DA:39,0
DA:41,0
DA:42,0
DA:44,0
LF:14
LH:0
BRDA:29,0,0,0
BRDA:31,1,0,0
BRDA:31,1,1,0
BRF:3
BRH:0
end_of_record
TN:
SF:src\redux\modules\filtro-principal\actions.tsx
FN:10,(anonymous_0)
FNF:1
FNH:0
FNDA:0,(anonymous_0)
DA:3,0
DA:10,0
DA:11,0
LF:3
LH:0
BRF:0
BRH:0
end_of_record
TN:
SF:src\redux\modules\filtro-principal\reducers.tsx
FN:45,(anonymous_0)
FN:46,(anonymous_1)
FNF:2
FNH:0
FNDA:0,(anonymous_0)
FNDA:0,(anonymous_1)
DA:26,0
DA:45,0
DA:46,0
DA:47,0
DA:49,0
DA:50,0
DA:51,0
DA:52,0
DA:53,0
DA:54,0
DA:55,0
DA:56,0
DA:57,0
DA:58,0
DA:59,0
DA:60,0
DA:61,0
DA:62,0
DA:63,0
DA:64,0
DA:65,0
DA:67,0
LF:22
LH:0
BRDA:45,0,0,0
BRDA:47,1,0,0
BRDA:47,1,1,0
BRF:3
BRH:0
end_of_record
TN:
SF:src\redux\modules\geral\actions.tsx
FN:26,(anonymous_0)
FN:33,(anonymous_1)
FN:40,(anonymous_2)
FN:47,(anonymous_3)
FNF:4
FNH:0
FNDA:0,(anonymous_0)
FNDA:0,(anonymous_1)
FNDA:0,(anonymous_2)
FNDA:0,(anonymous_3)
DA:1,0
DA:2,0
DA:3,0
DA:4,0
DA:26,0
DA:27,0
DA:33,0
DA:34,0
DA:40,0
DA:41,0
DA:47,0
DA:48,0
LF:12
LH:0
BRF:0
BRH:0
end_of_record
TN:
SF:src\redux\modules\geral\reducers.tsx
FN:28,(anonymous_0)
FN:36,(anonymous_1)
FNF:2
FNH:0
FNDA:0,(anonymous_0)
FNDA:0,(anonymous_1)
DA:21,0
DA:28,0
DA:36,0
DA:37,0
DA:39,0
DA:40,0
DA:42,0
DA:43,0
DA:45,0
DA:46,0
DA:48,0
DA:49,0
DA:51,0
LF:13
LH:0
BRDA:29,0,0,0
BRDA:37,1,0,0
BRDA:37,1,1,0
BRDA:37,1,2,0
BRDA:37,1,3,0
BRDA:37,1,4,0
BRF:6
BRH:0
end_of_record
TN:
SF:src\route\routes.tsx
FN:11,(anonymous_0)
FN:12,(anonymous_1)
FN:15,(anonymous_2)
FN:16,(anonymous_3)
FN:24,(anonymous_4)
FNF:5
FNH:0
FNDA:0,(anonymous_0)
FNDA:0,(anonymous_1)
FNDA:0,(anonymous_2)
FNDA:0,(anonymous_3)
FNDA:0,(anonymous_4)
DA:11,0
DA:12,0
DA:13,0
DA:15,0
DA:16,0
DA:19,0
DA:21,0
DA:24,0
DA:25,0
LF:9
LH:0
BRDA:19,0,0,0
BRDA:19,0,1,0
BRDA:21,1,0,0
BRDA:21,1,1,0
BRF:4
BRH:0
end_of_record
TN:
SF:src\services\arquivo-service.ts
FN:6,(anonymous_0)
FN:80,(anonymous_1)
FN:157,(anonymous_2)
FN:164,(anonymous_3)
FN:166,(anonymous_4)
FN:167,(anonymous_5)
FN:186,(anonymous_6)
FN:193,(anonymous_7)
FNF:8
FNH:0
FNDA:0,(anonymous_0)
FNDA:0,(anonymous_1)
FNDA:0,(anonymous_2)
FNDA:0,(anonymous_3)
FNDA:0,(anonymous_4)
FNDA:0,(anonymous_5)
FNDA:0,(anonymous_6)
FNDA:0,(anonymous_7)
DA:4,0
DA:6,0
DA:7,0
DA:15,0
DA:16,0
DA:19,0
DA:20,0
DA:21,0
DA:24,0
DA:25,0
DA:26,0
DA:27,0
DA:28,0
DA:30,0
DA:33,0
DA:34,0
DA:36,0
DA:37,0
DA:38,0
DA:39,0
DA:40,0
DA:41,0
DA:43,0
DA:54,0
DA:55,0
DA:57,0
DA:58,0
DA:60,0
DA:67,0
DA:68,0
DA:70,0
DA:71,0
DA:72,0
DA:73,0
DA:76,0
DA:80,0
DA:81,0
DA:89,0
DA:90,0
DA:93,0
DA:94,0
DA:95,0
DA:98,0
DA:99,0
DA:100,0
DA:101,0
DA:102,0
DA:104,0
DA:107,0
DA:108,0
DA:110,0
DA:111,0
DA:112,0
DA:113,0
DA:114,0
DA:115,0
DA:117,0
DA:128,0
DA:129,0
DA:131,0
DA:132,0
DA:134,0
DA:141,0
DA:142,0
DA:144,0
DA:145,0
DA:146,0
DA:147,0
DA:150,0
DA:157,0
DA:158,0
DA:164,0
DA:165,0
DA:166,0
DA:168,0
DA:169,0
DA:186,0
DA:187,0
DA:193,0
DA:194,0
DA:196,0
DA:197,0
DA:198,0
DA:201,0
DA:207,0
DA:208,0
DA:210,0
DA:218,0
DA:225,0
LF:89
LH:0
BRDA:15,0,0,0
BRDA:15,0,1,0
BRDA:58,1,0,0
BRDA:58,1,1,0
BRDA:67,2,0,0
BRDA:67,2,1,0
BRDA:70,3,0,0
BRDA:70,3,1,0
BRDA:89,4,0,0
BRDA:89,4,1,0
BRDA:132,5,0,0
BRDA:132,5,1,0
BRDA:141,6,0,0
BRDA:141,6,1,0
BRDA:144,7,0,0
BRDA:144,7,1,0
BRDA:203,8,0,0
BRDA:203,8,1,0
BRDA:204,9,0,0
BRDA:204,9,1,0
BRDA:208,10,0,0
BRDA:208,10,1,0
BRDA:220,11,0,0
BRDA:220,11,1,0
BRDA:221,12,0,0
BRDA:221,12,1,0
BRDA:222,13,0,0
BRDA:222,13,1,0
BRF:28
BRH:0
end_of_record
TN:
SF:src\services\autenticacao-service.ts
FN:7,(anonymous_0)
FN:10,(anonymous_1)
FNF:2
FNH:0
FNDA:0,(anonymous_0)
FNDA:0,(anonymous_1)
DA:4,0
DA:5,0
DA:7,0
DA:8,0
DA:10,0
DA:11,0
LF:6
LH:0
BRF:0
BRH:0
end_of_record
TN:
SF:src\services\configuracaoItem-service.ts
FN:12,(anonymous_0)
FN:15,(anonymous_1)
FN:18,(anonymous_2)
FN:21,(anonymous_3)
FN:24,(anonymous_4)
FN:27,(anonymous_5)
FN:30,(anonymous_6)
FN:33,(anonymous_7)
FN:36,(anonymous_8)
FN:39,(anonymous_9)
FN:42,(anonymous_10)
FN:47,(anonymous_11)
FN:50,(anonymous_12)
FN:53,(anonymous_13)
FN:56,(anonymous_14)
FN:59,(anonymous_15)
FN:62,(anonymous_16)
FN:65,(anonymous_17)
FN:68,(anonymous_18)
FN:71,(anonymous_19)
FN:73,(anonymous_20)
FNF:21
FNH:0
FNDA:0,(anonymous_0)
FNDA:0,(anonymous_1)
FNDA:0,(anonymous_2)
FNDA:0,(anonymous_3)
FNDA:0,(anonymous_4)
FNDA:0,(anonymous_5)
FNDA:0,(anonymous_6)
FNDA:0,(anonymous_7)
FNDA:0,(anonymous_8)
FNDA:0,(anonymous_9)
FNDA:0,(anonymous_10)
FNDA:0,(anonymous_11)
FNDA:0,(anonymous_12)
FNDA:0,(anonymous_13)
FNDA:0,(anonymous_14)
FNDA:0,(anonymous_15)
FNDA:0,(anonymous_16)
FNDA:0,(anonymous_17)
FNDA:0,(anonymous_18)
FNDA:0,(anonymous_19)
FNDA:0,(anonymous_20)
DA:10,0
DA:12,0
DA:13,0
DA:15,0
DA:16,0
DA:18,0
DA:19,0
DA:21,0
DA:22,0
DA:24,0
DA:25,0
DA:27,0
DA:28,0
DA:30,0
DA:31,0
DA:33,0
DA:34,0
DA:36,0
DA:37,0
DA:39,0
DA:40,0
DA:42,0
DA:45,0
DA:47,0
DA:48,0
DA:50,0
DA:51,0
DA:53,0
DA:54,0
DA:56,0
DA:57,0
DA:59,0
DA:60,0
DA:62,0
DA:63,0
DA:65,0
DA:66,0
DA:68,0
DA:69,0
DA:71,0
DA:73,0
LF:41
LH:0
BRF:0
BRH:0
end_of_record
TN:
SF:src\services\filtro-select-service.ts
FN:6,(anonymous_0)
FN:11,(anonymous_1)
FNF:2
FNH:0
FNDA:0,(anonymous_0)
FNDA:0,(anonymous_1)
DA:4,0
DA:6,0
DA:7,0
DA:8,0
DA:9,0
DA:11,0
LF:6
LH:0
BRDA:8,0,0,0
BRDA:8,0,1,0
BRF:2
BRH:0
end_of_record
TN:
SF:src\services\filtro-service.ts
FN:9,(anonymous_0)
FN:12,(anonymous_1)
FN:15,(anonymous_2)
FN:21,(anonymous_3)
FN:24,(anonymous_4)
FN:27,(anonymous_5)
FN:30,(anonymous_6)
FN:39,(anonymous_7)
FNF:8
FNH:0
FNDA:0,(anonymous_0)
FNDA:0,(anonymous_1)
FNDA:0,(anonymous_2)
FNDA:0,(anonymous_3)
FNDA:0,(anonymous_4)
FNDA:0,(anonymous_5)
FNDA:0,(anonymous_6)
FNDA:0,(anonymous_7)
DA:7,0
DA:9,0
DA:10,0
DA:12,0
DA:13,0
DA:15,0
DA:19,0
DA:21,0
DA:22,0
DA:24,0
DA:25,0
DA:27,0
DA:28,0
DA:30,0
DA:35,0
DA:39,0
DA:45,0
LF:17
LH:0
BRF:0
BRH:0
end_of_record
TN:
SF:src\services\geral-service.ts
FN:13,(anonymous_0)
FN:28,(anonymous_1)
FN:37,(anonymous_2)
FN:56,(anonymous_3)
FN:59,(anonymous_4)
FN:62,(anonymous_5)
FN:63,(anonymous_6)
FNF:7
FNH:0
FNDA:0,(anonymous_0)
FNDA:0,(anonymous_1)
FNDA:0,(anonymous_2)
FNDA:0,(anonymous_3)
FNDA:0,(anonymous_4)
FNDA:0,(anonymous_5)
FNDA:0,(anonymous_6)
DA:11,0
DA:13,0
DA:16,0
DA:26,0
DA:29,0
DA:37,0
DA:38,0
DA:56,0
DA:59,0
DA:60,0
DA:62,0
DA:64,0
DA:65,0
DA:67,0
LF:14
LH:0
BRDA:64,0,0,0
BRDA:64,0,1,0
BRF:2
BRH:0
end_of_record
TN:
SF:src\services\item-service.ts
FN:8,(anonymous_0)
FN:14,(anonymous_1)
FN:17,(anonymous_2)
FN:19,(anonymous_3)
FNF:4
FNH:0
FNDA:0,(anonymous_0)
FNDA:0,(anonymous_1)
FNDA:0,(anonymous_2)
FNDA:0,(anonymous_3)
DA:8,0
DA:9,0
DA:10,0
DA:11,0
DA:13,0
DA:14,0
DA:17,0
DA:18,0
DA:19,0
LF:9
LH:0
BRDA:10,0,0,0
BRDA:10,0,1,0
BRDA:11,1,0,0
BRDA:11,1,1,0
BRF:4
BRH:0
end_of_record
TN:
SF:src\services\resumo-service.ts
FN:8,(anonymous_0)
FN:26,(anonymous_1)
FN:35,(anonymous_2)
FNF:3
FNH:0
FNDA:0,(anonymous_0)
FNDA:0,(anonymous_1)
FNDA:0,(anonymous_2)
DA:8,0
DA:12,0
DA:24,0
DA:27,0
DA:35,0
DA:39,0
LF:6
LH:0
BRF:0
BRH:0
end_of_record
TN:
SF:src\styles\colors.ts
FNF:0
FNH:0
DA:1,0
LF:1
LH:0
BRF:0
BRH:0
end_of_record
TN:
SF:src\styles\global.ts
FNF:0
FNH:0
LF:0
LH:0
BRF:0
BRH:0
end_of_record
TN:
SF:src\utils\converte-dto.ts
FN:4,(anonymous_0)
FN:5,(anonymous_1)
FN:12,(anonymous_2)
FN:18,(anonymous_3)
FN:21,(anonymous_4)
FN:25,(anonymous_5)
FNF:6
FNH:0
FNDA:0,(anonymous_0)
FNDA:0,(anonymous_1)
FNDA:0,(anonymous_2)
FNDA:0,(anonymous_3)
FNDA:0,(anonymous_4)
FNDA:0,(anonymous_5)
DA:4,0
DA:5,0
DA:12,0
DA:13,0
DA:14,0
DA:15,0
DA:18,0
DA:19,0
DA:21,0
DA:22,0
DA:24,0
DA:25,0
DA:26,0
DA:27,0
DA:31,0
DA:35,0
LF:16
LH:0
BRDA:22,0,0,0
BRDA:22,0,1,0
BRDA:22,1,0,0
BRDA:22,1,1,0
BRDA:22,1,2,0
BRDA:22,1,3,0
BRDA:24,2,0,0
BRDA:24,2,1,0
BRDA:26,3,0,0
BRDA:26,3,1,0
BRDA:26,4,0,0
BRDA:26,4,1,0
BRDA:26,4,2,0
BRDA:26,4,3,0
BRF:14
BRH:0
end_of_record
TN:
SF:src\utils\filtro-helper.ts
FN:3,(anonymous_0)
FNF:1
FNH:0
FNDA:0,(anonymous_0)
DA:3,0
DA:4,0
DA:5,0
DA:7,0
DA:8,0
DA:10,0
DA:12,0
LF:7
LH:0
BRDA:5,0,0,0
BRDA:5,0,1,0
BRDA:7,1,0,0
BRDA:7,1,1,0
BRDA:10,2,0,0
BRDA:10,2,1,0
BRF:6
BRH:0
end_of_record
TN:
SF:src\utils\fluxo-item-storage.ts
FN:9,(anonymous_0)
FN:16,(anonymous_1)
FNF:2
FNH:0
FNDA:0,(anonymous_0)
FNDA:0,(anonymous_1)
DA:1,0
DA:9,0
DA:10,0
DA:11,0
DA:12,0
DA:13,0
DA:16,0
DA:17,0
LF:8
LH:0
BRF:0
BRH:0
end_of_record
TN:
SF:src\utils\funcoes.ts
FN:5,(anonymous_0)
FN:8,(anonymous_1)
FN:14,(anonymous_2)
FN:18,(anonymous_3)
FN:22,(anonymous_4)
FN:31,(anonymous_5)
FNF:6
FNH:0
FNDA:0,(anonymous_0)
FNDA:0,(anonymous_1)
FNDA:0,(anonymous_2)
FNDA:0,(anonymous_3)
FNDA:0,(anonymous_4)
FNDA:0,(anonymous_5)
DA:5,0
DA:6,0
DA:7,0
DA:8,0
DA:9,0
DA:11,0
DA:14,0
DA:15,0
DA:18,0
DA:19,0
DA:22,0
DA:23,0
DA:31,0
DA:32,0
LF:14
LH:0
BRDA:6,0,0,0
BRDA:6,0,1,0
BRDA:6,1,0,0
BRDA:6,1,1,0
BRDA:6,1,2,0
BRDA:6,1,3,0
BRDA:15,2,0,0
BRDA:15,2,1,0
BRDA:19,3,0,0
BRDA:19,3,1,0
BRDA:19,3,2,0
BRDA:19,3,3,0
BRF:12
BRH:0
end_of_record
TN:
SF:src\utils\html-seguro.ts
FN:3,(anonymous_0)
FNF:1
FNH:0
FNDA:0,(anonymous_0)
DA:3,0
DA:4,0
LF:2
LH:0
BRDA:5,0,0,0
BRDA:5,0,1,0
BRF:2
BRH:0
end_of_record
TN:
SF:src\utils\item-atual-storage.ts
FN:27,(anonymous_0)
FN:37,(anonymous_1)
FN:41,(anonymous_2)
FNF:3
FNH:0
FNDA:0,(anonymous_0)
FNDA:0,(anonymous_1)
FNDA:0,(anonymous_2)
DA:25,0
DA:27,0
DA:28,0
DA:29,0
DA:30,0
DA:31,0
DA:33,0
DA:37,0
DA:38,0
DA:41,0
DA:44,0
DA:45,0
DA:46,0
DA:47,0
DA:48,0
LF:15
LH:0
BRDA:30,0,0,0
BRDA:30,0,1,0
BRDA:45,1,0,0
BRDA:45,1,1,0
BRF:4
BRH:0
end_of_record
TN:
SF:src\utils\upload-utils.ts
FN:7,(anonymous_0)
FN:8,(anonymous_1)
FN:11,(anonymous_2)
FN:20,(anonymous_3)
FN:27,(anonymous_4)
FN:40,(anonymous_5)
FN:61,(anonymous_6)
FNF:7
FNH:0
FNDA:0,(anonymous_0)
FNDA:0,(anonymous_1)
FNDA:0,(anonymous_2)
FNDA:0,(anonymous_3)
FNDA:0,(anonymous_4)
FNDA:0,(anonymous_5)
FNDA:0,(anonymous_6)
DA:7,0
DA:8,0
DA:9,0
DA:10,0
DA:11,0
DA:12,0
DA:14,0
DA:15,0
DA:17,0
DA:20,0
DA:27,0
DA:28,0
DA:29,0
DA:30,0
DA:31,0
DA:33,0
DA:40,0
DA:41,0
DA:42,0
DA:43,0
DA:45,0
DA:53,0
DA:54,0
DA:61,0
DA:62,0
LF:25
LH:0
BRDA:12,0,0,0
BRDA:12,0,1,0
BRDA:28,1,0,0
BRDA:28,1,1,0
BRDA:30,2,0,0
BRDA:30,2,1,0
BRDA:62,3,0,0
BRDA:62,3,1,0
BRF:8
BRH:0
end_of_record
